{"/Users/popsieandal/Documents/GoalStreak/GoalStreakApp/src/components/ActivityCard.tsx": {"path":"/Users/popsieandal/Documents/GoalStreak/GoalStreakApp/src/components/ActivityCard.tsx","statementMap":{"0":{"start":{"line":13,"column":0},"end":{"line":13,"column":24}},"1":{"start":{"line":3,"column":0},"end":{"line":3,"column":54}},"2":{"start":{"line":4,"column":0},"end":{"line":4,"column":46}},"3":{"start":{"line":5,"column":0},"end":{"line":5,"column":65}},"4":{"start":{"line":7,"column":0},"end":{"line":7,"column":57}},"5":{"start":{"line":14,"column":26},"end":{"line":29,"column":3}},"6":{"start":{"line":15,"column":4},"end":{"line":28,"column":5}},"7":{"start":{"line":17,"column":8},"end":{"line":17,"column":34}},"8":{"start":{"line":19,"column":8},"end":{"line":19,"column":23}},"9":{"start":{"line":21,"column":8},"end":{"line":21,"column":28}},"10":{"start":{"line":23,"column":8},"end":{"line":23,"column":24}},"11":{"start":{"line":25,"column":8},"end":{"line":25,"column":26}},"12":{"start":{"line":27,"column":8},"end":{"line":27,"column":34}},"13":{"start":{"line":31,"column":27},"end":{"line":46,"column":3}},"14":{"start":{"line":32,"column":4},"end":{"line":45,"column":5}},"15":{"start":{"line":34,"column":8},"end":{"line":34,"column":30}},"16":{"start":{"line":36,"column":8},"end":{"line":36,"column":30}},"17":{"start":{"line":38,"column":8},"end":{"line":38,"column":34}},"18":{"start":{"line":40,"column":8},"end":{"line":40,"column":30}},"19":{"start":{"line":42,"column":8},"end":{"line":42,"column":30}},"20":{"start":{"line":44,"column":8},"end":{"line":44,"column":30}},"21":{"start":{"line":48,"column":26},"end":{"line":79,"column":3}},"22":{"start":{"line":49,"column":66},"end":{"line":49,"column":74}},"23":{"start":{"line":52,"column":25},"end":{"line":52,"column":46}},"24":{"start":{"line":53,"column":26},"end":{"line":53,"column":48}},"25":{"start":{"line":54,"column":28},"end":{"line":54,"column":44}},"26":{"start":{"line":55,"column":26},"end":{"line":55,"column":50}},"27":{"start":{"line":57,"column":4},"end":{"line":78,"column":5}},"28":{"start":{"line":59,"column":8},"end":{"line":61,"column":9}},"29":{"start":{"line":60,"column":10},"end":{"line":60,"column":97}},"30":{"start":{"line":62,"column":8},"end":{"line":62,"column":62}},"31":{"start":{"line":65,"column":8},"end":{"line":65,"column":95}},"32":{"start":{"line":68,"column":8},"end":{"line":68,"column":69}},"33":{"start":{"line":71,"column":8},"end":{"line":71,"column":78}},"34":{"start":{"line":74,"column":8},"end":{"line":74,"column":78}},"35":{"start":{"line":77,"column":8},"end":{"line":77,"column":60}},"36":{"start":{"line":81,"column":21},"end":{"line":96,"column":3}},"37":{"start":{"line":82,"column":16},"end":{"line":82,"column":26}},"38":{"start":{"line":83,"column":26},"end":{"line":83,"column":89}},"39":{"start":{"line":85,"column":4},"end":{"line":85,"column":45}},"40":{"start":{"line":85,"column":27},"end":{"line":85,"column":45}},"41":{"start":{"line":86,"column":4},"end":{"line":86,"column":59}},"42":{"start":{"line":86,"column":28},"end":{"line":86,"column":59}},"43":{"start":{"line":88,"column":24},"end":{"line":88,"column":54}},"44":{"start":{"line":89,"column":4},"end":{"line":89,"column":55}},"45":{"start":{"line":89,"column":26},"end":{"line":89,"column":55}},"46":{"start":{"line":91,"column":23},"end":{"line":91,"column":51}},"47":{"start":{"line":92,"column":4},"end":{"line":92,"column":52}},"48":{"start":{"line":92,"column":24},"end":{"line":92,"column":52}},"49":{"start":{"line":94,"column":24},"end":{"line":94,"column":50}},"50":{"start":{"line":95,"column":4},"end":{"line":95,"column":33}},"51":{"start":{"line":98,"column":22},"end":{"line":105,"column":3}},"52":{"start":{"line":99,"column":4},"end":{"line":104,"column":19}},"53":{"start":{"line":101,"column":19},"end":{"line":101,"column":33}},"54":{"start":{"line":107,"column":2},"end":{"line":164,"column":4}},"55":{"start":{"line":167,"column":15},"end":{"line":274,"column":2}}},"fnMap":{"0":{"name":"ActivityCard","decl":{"start":{"line":13,"column":24},"end":{"line":13,"column":36}},"loc":{"start":{"line":13,"column":68},"end":{"line":165,"column":1}}},"1":{"name":"(anonymous_1)","decl":{"start":{"line":14,"column":26},"end":{"line":14,"column":29}},"loc":{"start":{"line":14,"column":31},"end":{"line":29,"column":3}}},"2":{"name":"(anonymous_2)","decl":{"start":{"line":31,"column":27},"end":{"line":31,"column":30}},"loc":{"start":{"line":31,"column":32},"end":{"line":46,"column":3}}},"3":{"name":"(anonymous_3)","decl":{"start":{"line":48,"column":26},"end":{"line":48,"column":29}},"loc":{"start":{"line":48,"column":31},"end":{"line":79,"column":3}}},"4":{"name":"(anonymous_4)","decl":{"start":{"line":81,"column":21},"end":{"line":81,"column":22}},"loc":{"start":{"line":81,"column":41},"end":{"line":96,"column":3}}},"5":{"name":"(anonymous_5)","decl":{"start":{"line":98,"column":22},"end":{"line":98,"column":23}},"loc":{"start":{"line":98,"column":39},"end":{"line":105,"column":3}}},"6":{"name":"(anonymous_6)","decl":{"start":{"line":101,"column":11},"end":{"line":101,"column":15}},"loc":{"start":{"line":101,"column":19},"end":{"line":101,"column":33}}}},"branchMap":{"0":{"loc":{"start":{"line":15,"column":4},"end":{"line":28,"column":5}},"type":"switch","locations":[{"start":{"line":16,"column":6},"end":{"line":17,"column":34}},{"start":{"line":18,"column":6},"end":{"line":19,"column":23}},{"start":{"line":20,"column":6},"end":{"line":21,"column":28}},{"start":{"line":22,"column":6},"end":{"line":23,"column":24}},{"start":{"line":24,"column":6},"end":{"line":25,"column":26}},{"start":{"line":26,"column":6},"end":{"line":27,"column":34}}]},"1":{"loc":{"start":{"line":32,"column":4},"end":{"line":45,"column":5}},"type":"switch","locations":[{"start":{"line":33,"column":6},"end":{"line":34,"column":30}},{"start":{"line":35,"column":6},"end":{"line":36,"column":30}},{"start":{"line":37,"column":6},"end":{"line":38,"column":34}},{"start":{"line":39,"column":6},"end":{"line":40,"column":30}},{"start":{"line":41,"column":6},"end":{"line":42,"column":30}},{"start":{"line":43,"column":6},"end":{"line":44,"column":30}}]},"2":{"loc":{"start":{"line":52,"column":25},"end":{"line":52,"column":46}},"type":"binary-expr","locations":[{"start":{"line":52,"column":25},"end":{"line":52,"column":33}},{"start":{"line":52,"column":37},"end":{"line":52,"column":46}}]},"3":{"loc":{"start":{"line":53,"column":26},"end":{"line":53,"column":48}},"type":"binary-expr","locations":[{"start":{"line":53,"column":26},"end":{"line":53,"column":35}},{"start":{"line":53,"column":39},"end":{"line":53,"column":48}}]},"4":{"loc":{"start":{"line":54,"column":28},"end":{"line":54,"column":44}},"type":"binary-expr","locations":[{"start":{"line":54,"column":28},"end":{"line":54,"column":39}},{"start":{"line":54,"column":43},"end":{"line":54,"column":44}}]},"5":{"loc":{"start":{"line":55,"column":26},"end":{"line":55,"column":50}},"type":"binary-expr","locations":[{"start":{"line":55,"column":26},"end":{"line":55,"column":35}},{"start":{"line":55,"column":39},"end":{"line":55,"column":50}}]},"6":{"loc":{"start":{"line":57,"column":4},"end":{"line":78,"column":5}},"type":"switch","locations":[{"start":{"line":58,"column":6},"end":{"line":62,"column":62}},{"start":{"line":64,"column":6},"end":{"line":65,"column":95}},{"start":{"line":67,"column":6},"end":{"line":68,"column":69}},{"start":{"line":70,"column":6},"end":{"line":71,"column":78}},{"start":{"line":73,"column":6},"end":{"line":74,"column":78}},{"start":{"line":76,"column":6},"end":{"line":77,"column":60}}]},"7":{"loc":{"start":{"line":59,"column":8},"end":{"line":61,"column":9}},"type":"if","locations":[{"start":{"line":59,"column":8},"end":{"line":61,"column":9}},{"start":{},"end":{}}]},"8":{"loc":{"start":{"line":85,"column":4},"end":{"line":85,"column":45}},"type":"if","locations":[{"start":{"line":85,"column":4},"end":{"line":85,"column":45}},{"start":{},"end":{}}]},"9":{"loc":{"start":{"line":86,"column":4},"end":{"line":86,"column":59}},"type":"if","locations":[{"start":{"line":86,"column":4},"end":{"line":86,"column":59}},{"start":{},"end":{}}]},"10":{"loc":{"start":{"line":89,"column":4},"end":{"line":89,"column":55}},"type":"if","locations":[{"start":{"line":89,"column":4},"end":{"line":89,"column":55}},{"start":{},"end":{}}]},"11":{"loc":{"start":{"line":92,"column":4},"end":{"line":92,"column":52}},"type":"if","locations":[{"start":{"line":92,"column":4},"end":{"line":92,"column":52}},{"start":{},"end":{}}]},"12":{"loc":{"start":{"line":149,"column":9},"end":{"line":160,"column":null}},"type":"binary-expr","locations":[{"start":{"line":149,"column":9},"end":{"line":149,"column":45}},{"start":{"line":149,"column":49},"end":{"line":149,"column":69}},{"start":{"line":150,"column":10},"end":{"line":159,"column":null}}]},"13":{"loc":{"start":{"line":157,"column":13},"end":{"line":158,"column":null}},"type":"binary-expr","locations":[{"start":{"line":157,"column":13},"end":{"line":157,"column":39}},{"start":{"line":158,"column":14},"end":{"line":158,"column":80}}]}},"s":{"0":0,"1":0,"2":0,"3":0,"4":0,"5":0,"6":0,"7":0,"8":0,"9":0,"10":0,"11":0,"12":0,"13":0,"14":0,"15":0,"16":0,"17":0,"18":0,"19":0,"20":0,"21":0,"22":0,"23":0,"24":0,"25":0,"26":0,"27":0,"28":0,"29":0,"30":0,"31":0,"32":0,"33":0,"34":0,"35":0,"36":0,"37":0,"38":0,"39":0,"40":0,"41":0,"42":0,"43":0,"44":0,"45":0,"46":0,"47":0,"48":0,"49":0,"50":0,"51":0,"52":0,"53":0,"54":0,"55":0},"f":{"0":0,"1":0,"2":0,"3":0,"4":0,"5":0,"6":0},"b":{"0":[0,0,0,0,0,0],"1":[0,0,0,0,0,0],"2":[0,0],"3":[0,0],"4":[0,0],"5":[0,0],"6":[0,0,0,0,0,0],"7":[0,0],"8":[0,0],"9":[0,0],"10":[0,0],"11":[0,0],"12":[0,0,0],"13":[0,0]}}
,"/Users/popsieandal/Documents/GoalStreak/GoalStreakApp/src/components/AddFriendModal.tsx": {"path":"/Users/popsieandal/Documents/GoalStreak/GoalStreakApp/src/components/AddFriendModal.tsx","statementMap":{"0":{"start":{"line":21,"column":0},"end":{"line":21,"column":24}},"1":{"start":{"line":1,"column":0},"end":{"line":1,"column":40}},"2":{"start":{"line":2,"column":0},"end":{"line":2,"column":null}},"3":{"start":{"line":11,"column":0},"end":{"line":11,"column":62}},"4":{"start":{"line":12,"column":0},"end":{"line":12,"column":56}},"5":{"start":{"line":27,"column":40},"end":{"line":27,"column":52}},"6":{"start":{"line":28,"column":44},"end":{"line":28,"column":56}},"7":{"start":{"line":30,"column":28},"end":{"line":49,"column":3}},"8":{"start":{"line":31,"column":4},"end":{"line":34,"column":5}},"9":{"start":{"line":32,"column":6},"end":{"line":32,"column":60}},"10":{"start":{"line":33,"column":6},"end":{"line":33,"column":13}},"11":{"start":{"line":36,"column":4},"end":{"line":39,"column":5}},"12":{"start":{"line":37,"column":6},"end":{"line":37,"column":65}},"13":{"start":{"line":38,"column":6},"end":{"line":38,"column":13}},"14":{"start":{"line":41,"column":4},"end":{"line":48,"column":5}},"15":{"start":{"line":42,"column":6},"end":{"line":42,"column":68}},"16":{"start":{"line":43,"column":6},"end":{"line":43,"column":25}},"17":{"start":{"line":44,"column":6},"end":{"line":44,"column":27}},"18":{"start":{"line":45,"column":6},"end":{"line":45,"column":16}},"19":{"start":{"line":51,"column":22},"end":{"line":55,"column":3}},"20":{"start":{"line":52,"column":4},"end":{"line":52,"column":23}},"21":{"start":{"line":53,"column":4},"end":{"line":53,"column":25}},"22":{"start":{"line":54,"column":4},"end":{"line":54,"column":14}},"23":{"start":{"line":57,"column":2},"end":{"line":115,"column":4}},"24":{"start":{"line":118,"column":15},"end":{"line":181,"column":2}}},"fnMap":{"0":{"name":"AddFriendModal","decl":{"start":{"line":21,"column":24},"end":{"line":21,"column":38}},"loc":{"start":{"line":26,"column":22},"end":{"line":116,"column":1}}},"1":{"name":"(anonymous_1)","decl":{"start":{"line":30,"column":28},"end":{"line":30,"column":33}},"loc":{"start":{"line":30,"column":39},"end":{"line":49,"column":3}}},"2":{"name":"(anonymous_2)","decl":{"start":{"line":51,"column":22},"end":{"line":51,"column":25}},"loc":{"start":{"line":51,"column":27},"end":{"line":55,"column":3}}}},"branchMap":{"0":{"loc":{"start":{"line":31,"column":4},"end":{"line":34,"column":5}},"type":"if","locations":[{"start":{"line":31,"column":4},"end":{"line":34,"column":5}},{"start":{},"end":{}}]},"1":{"loc":{"start":{"line":36,"column":4},"end":{"line":39,"column":5}},"type":"if","locations":[{"start":{"line":36,"column":4},"end":{"line":39,"column":5}},{"start":{},"end":{}}]},"2":{"loc":{"start":{"line":71,"column":22},"end":{"line":71,"column":54}},"type":"binary-expr","locations":[{"start":{"line":71,"column":22},"end":{"line":71,"column":31}},{"start":{"line":71,"column":35},"end":{"line":71,"column":54}}]},"3":{"loc":{"start":{"line":75,"column":14},"end":{"line":75,"column":77}},"type":"binary-expr","locations":[{"start":{"line":75,"column":15},"end":{"line":75,"column":24}},{"start":{"line":75,"column":28},"end":{"line":75,"column":47}},{"start":{"line":75,"column":52},"end":{"line":75,"column":77}}]},"4":{"loc":{"start":{"line":77,"column":15},"end":{"line":77,"column":48}},"type":"cond-expr","locations":[{"start":{"line":77,"column":27},"end":{"line":77,"column":39}},{"start":{"line":77,"column":42},"end":{"line":77,"column":48}}]}},"s":{"0":0,"1":0,"2":0,"3":0,"4":0,"5":0,"6":0,"7":0,"8":0,"9":0,"10":0,"11":0,"12":0,"13":0,"14":0,"15":0,"16":0,"17":0,"18":0,"19":0,"20":0,"21":0,"22":0,"23":0,"24":0},"f":{"0":0,"1":0,"2":0},"b":{"0":[0,0],"1":[0,0],"2":[0,0],"3":[0,0,0],"4":[0,0]}}
,"/Users/popsieandal/Documents/GoalStreak/GoalStreakApp/src/components/Button.tsx": {"path":"/Users/popsieandal/Documents/GoalStreak/GoalStreakApp/src/components/Button.tsx","statementMap":{"0":{"start":{"line":6,"column":0},"end":{"line":6,"column":24}},"1":{"start":{"line":2,"column":0},"end":{"line":2,"column":85}},"2":{"start":{"line":3,"column":0},"end":{"line":3,"column":79}},"3":{"start":{"line":14,"column":22},"end":{"line":19,"column":4}},"4":{"start":{"line":21,"column":20},"end":{"line":26,"column":4}},"5":{"start":{"line":28,"column":22},"end":{"line":32,"column":3}},"6":{"start":{"line":29,"column":4},"end":{"line":31,"column":5}},"7":{"start":{"line":30,"column":6},"end":{"line":30,"column":16}},"8":{"start":{"line":34,"column":2},"end":{"line":59,"column":4}},"9":{"start":{"line":62,"column":15},"end":{"line":137,"column":2}}},"fnMap":{"0":{"name":"Button","decl":{"start":{"line":6,"column":24},"end":{"line":6,"column":30}},"loc":{"start":{"line":13,"column":14},"end":{"line":60,"column":1}}},"1":{"name":"(anonymous_1)","decl":{"start":{"line":28,"column":22},"end":{"line":28,"column":25}},"loc":{"start":{"line":28,"column":27},"end":{"line":32,"column":3}}}},"branchMap":{"0":{"loc":{"start":{"line":9,"column":2},"end":{"line":9,"column":21}},"type":"default-arg","locations":[{"start":{"line":9,"column":12},"end":{"line":9,"column":21}}]},"1":{"loc":{"start":{"line":10,"column":2},"end":{"line":10,"column":13}},"type":"default-arg","locations":[{"start":{"line":10,"column":9},"end":{"line":10,"column":13}}]},"2":{"loc":{"start":{"line":11,"column":2},"end":{"line":11,"column":18}},"type":"default-arg","locations":[{"start":{"line":11,"column":13},"end":{"line":11,"column":18}}]},"3":{"loc":{"start":{"line":12,"column":2},"end":{"line":12,"column":17}},"type":"default-arg","locations":[{"start":{"line":12,"column":12},"end":{"line":12,"column":17}}]},"4":{"loc":{"start":{"line":18,"column":4},"end":{"line":18,"column":44}},"type":"binary-expr","locations":[{"start":{"line":18,"column":5},"end":{"line":18,"column":13}},{"start":{"line":18,"column":17},"end":{"line":18,"column":24}},{"start":{"line":18,"column":29},"end":{"line":18,"column":44}}]},"5":{"loc":{"start":{"line":25,"column":4},"end":{"line":25,"column":48}},"type":"binary-expr","locations":[{"start":{"line":25,"column":5},"end":{"line":25,"column":13}},{"start":{"line":25,"column":17},"end":{"line":25,"column":24}},{"start":{"line":25,"column":29},"end":{"line":25,"column":48}}]},"6":{"loc":{"start":{"line":29,"column":4},"end":{"line":31,"column":5}},"type":"if","locations":[{"start":{"line":29,"column":4},"end":{"line":31,"column":5}},{"start":{},"end":{}}]},"7":{"loc":{"start":{"line":29,"column":8},"end":{"line":29,"column":40}},"type":"binary-expr","locations":[{"start":{"line":29,"column":8},"end":{"line":29,"column":17}},{"start":{"line":29,"column":21},"end":{"line":29,"column":29}},{"start":{"line":29,"column":33},"end":{"line":29,"column":40}}]},"8":{"loc":{"start":{"line":38,"column":16},"end":{"line":38,"column":35}},"type":"binary-expr","locations":[{"start":{"line":38,"column":16},"end":{"line":38,"column":24}},{"start":{"line":38,"column":28},"end":{"line":38,"column":35}}]},"9":{"loc":{"start":{"line":45,"column":18},"end":{"line":45,"column":37}},"type":"binary-expr","locations":[{"start":{"line":45,"column":18},"end":{"line":45,"column":26}},{"start":{"line":45,"column":30},"end":{"line":45,"column":37}}]},"10":{"loc":{"start":{"line":49,"column":7},"end":{"line":56,"column":null}},"type":"cond-expr","locations":[{"start":{"line":50,"column":8},"end":{"line":53,"column":null}},{"start":{"line":56,"column":8},"end":{"line":56,"column":46}}]},"11":{"loc":{"start":{"line":51,"column":17},"end":{"line":51,"column":74}},"type":"cond-expr","locations":[{"start":{"line":51,"column":41},"end":{"line":51,"column":53}},{"start":{"line":51,"column":56},"end":{"line":51,"column":74}}]}},"s":{"0":0,"1":0,"2":0,"3":0,"4":0,"5":0,"6":0,"7":0,"8":0,"9":0},"f":{"0":0,"1":0},"b":{"0":[0],"1":[0],"2":[0],"3":[0],"4":[0,0,0],"5":[0,0,0],"6":[0,0],"7":[0,0,0],"8":[0,0],"9":[0,0],"10":[0,0],"11":[0,0]}}
,"/Users/popsieandal/Documents/GoalStreak/GoalStreakApp/src/components/CircularHabitCard.tsx": {"path":"/Users/popsieandal/Documents/GoalStreak/GoalStreakApp/src/components/CircularHabitCard.tsx","statementMap":{"0":{"start":{"line":51,"column":0},"end":{"line":51,"column":24}},"1":{"start":{"line":2,"column":0},"end":{"line":2,"column":72}},"2":{"start":{"line":3,"column":0},"end":{"line":3,"column":46}},"3":{"start":{"line":4,"column":0},"end":{"line":4,"column":65}},"4":{"start":{"line":6,"column":0},"end":{"line":6,"column":75}},"5":{"start":{"line":16,"column":48},"end":{"line":49,"column":2}},"6":{"start":{"line":59,"column":23},"end":{"line":64,"column":3}},"7":{"start":{"line":60,"column":4},"end":{"line":62,"column":5}},"8":{"start":{"line":61,"column":6},"end":{"line":61,"column":93}},"9":{"start":{"line":63,"column":4},"end":{"line":63,"column":36}},"10":{"start":{"line":66,"column":25},"end":{"line":68,"column":3}},"11":{"start":{"line":67,"column":4},"end":{"line":67,"column":61}},"12":{"start":{"line":70,"column":32},"end":{"line":74,"column":3}},"13":{"start":{"line":71,"column":4},"end":{"line":71,"column":41}},"14":{"start":{"line":71,"column":32},"end":{"line":71,"column":41}},"15":{"start":{"line":73,"column":4},"end":{"line":73,"column":60}},"16":{"start":{"line":76,"column":2},"end":{"line":125,"column":4}},"17":{"start":{"line":128,"column":15},"end":{"line":196,"column":2}}},"fnMap":{"0":{"name":"CircularHabitCard","decl":{"start":{"line":51,"column":24},"end":{"line":51,"column":41}},"loc":{"start":{"line":57,"column":25},"end":{"line":126,"column":1}}},"1":{"name":"(anonymous_1)","decl":{"start":{"line":59,"column":23},"end":{"line":59,"column":26}},"loc":{"start":{"line":59,"column":28},"end":{"line":64,"column":3}}},"2":{"name":"(anonymous_2)","decl":{"start":{"line":66,"column":25},"end":{"line":66,"column":28}},"loc":{"start":{"line":66,"column":30},"end":{"line":68,"column":3}}},"3":{"name":"(anonymous_3)","decl":{"start":{"line":70,"column":32},"end":{"line":70,"column":35}},"loc":{"start":{"line":70,"column":37},"end":{"line":74,"column":3}}}},"branchMap":{"0":{"loc":{"start":{"line":55,"column":2},"end":{"line":55,"column":19}},"type":"default-arg","locations":[{"start":{"line":55,"column":14},"end":{"line":55,"column":19}}]},"1":{"loc":{"start":{"line":60,"column":4},"end":{"line":62,"column":5}},"type":"if","locations":[{"start":{"line":60,"column":4},"end":{"line":62,"column":5}},{"start":{},"end":{}}]},"2":{"loc":{"start":{"line":60,"column":8},"end":{"line":60,"column":39}},"type":"binary-expr","locations":[{"start":{"line":60,"column":8},"end":{"line":60,"column":25}},{"start":{"line":60,"column":29},"end":{"line":60,"column":39}}]},"3":{"loc":{"start":{"line":67,"column":11},"end":{"line":67,"column":60}},"type":"binary-expr","locations":[{"start":{"line":67,"column":11},"end":{"line":67,"column":42}},{"start":{"line":67,"column":46},"end":{"line":67,"column":60}}]},"4":{"loc":{"start":{"line":71,"column":4},"end":{"line":71,"column":41}},"type":"if","locations":[{"start":{"line":71,"column":4},"end":{"line":71,"column":41}},{"start":{},"end":{}}]},"5":{"loc":{"start":{"line":98,"column":44},"end":{"line":98,"column":81}},"type":"binary-expr","locations":[{"start":{"line":98,"column":44},"end":{"line":98,"column":55}},{"start":{"line":98,"column":59},"end":{"line":98,"column":81}}]},"6":{"loc":{"start":{"line":99,"column":13},"end":{"line":108,"column":null}},"type":"cond-expr","locations":[{"start":{"line":100,"column":14},"end":{"line":100,"column":80}},{"start":{"line":101,"column":16},"end":{"line":108,"column":null}}]},"7":{"loc":{"start":{"line":101,"column":16},"end":{"line":108,"column":null}},"type":"cond-expr","locations":[{"start":{"line":102,"column":14},"end":{"line":102,"column":74}},{"start":{"line":104,"column":14},"end":{"line":107,"column":null}}]},"8":{"loc":{"start":{"line":118,"column":7},"end":{"line":122,"column":null}},"type":"binary-expr","locations":[{"start":{"line":118,"column":7},"end":{"line":118,"column":13}},{"start":{"line":118,"column":17},"end":{"line":118,"column":41}},{"start":{"line":119,"column":8},"end":{"line":121,"column":null}}]}},"s":{"0":0,"1":0,"2":0,"3":0,"4":0,"5":0,"6":0,"7":0,"8":0,"9":0,"10":0,"11":0,"12":0,"13":0,"14":0,"15":0,"16":0,"17":0},"f":{"0":0,"1":0,"2":0,"3":0},"b":{"0":[0],"1":[0,0],"2":[0,0],"3":[0,0],"4":[0,0],"5":[0,0],"6":[0,0],"7":[0,0],"8":[0,0,0]}}
,"/Users/popsieandal/Documents/GoalStreak/GoalStreakApp/src/components/EmptyHabitsState.tsx": {"path":"/Users/popsieandal/Documents/GoalStreak/GoalStreakApp/src/components/EmptyHabitsState.tsx","statementMap":{"0":{"start":{"line":11,"column":0},"end":{"line":11,"column":24}},"1":{"start":{"line":2,"column":0},"end":{"line":2,"column":72}},"2":{"start":{"line":3,"column":0},"end":{"line":3,"column":46}},"3":{"start":{"line":4,"column":0},"end":{"line":4,"column":69}},"4":{"start":{"line":5,"column":0},"end":{"line":5,"column":65}},"5":{"start":{"line":12,"column":2},"end":{"line":63,"column":4}},"6":{"start":{"line":66,"column":15},"end":{"line":140,"column":2}}},"fnMap":{"0":{"name":"EmptyHabitsState","decl":{"start":{"line":11,"column":24},"end":{"line":11,"column":40}},"loc":{"start":{"line":11,"column":81},"end":{"line":64,"column":1}}}},"branchMap":{},"s":{"0":0,"1":0,"2":0,"3":0,"4":0,"5":0,"6":0},"f":{"0":0},"b":{}}
,"/Users/popsieandal/Documents/GoalStreak/GoalStreakApp/src/components/ErrorBoundary.tsx": {"path":"/Users/popsieandal/Documents/GoalStreak/GoalStreakApp/src/components/ErrorBoundary.tsx","statementMap":{"0":{"start":{"line":1,"column":0},"end":{"line":1,"column":52}},"1":{"start":{"line":2,"column":0},"end":{"line":2,"column":72}},"2":{"start":{"line":3,"column":0},"end":{"line":3,"column":46}},"3":{"start":{"line":4,"column":0},"end":{"line":4,"column":65}},"4":{"start":{"line":18,"column":4},"end":{"line":18,"column":17}},"5":{"start":{"line":19,"column":4},"end":{"line":19,"column":37}},"6":{"start":{"line":23,"column":4},"end":{"line":23,"column":37}},"7":{"start":{"line":27,"column":4},"end":{"line":27,"column":70}},"8":{"start":{"line":33,"column":16},"end":{"line":35,"column":3}},"9":{"start":{"line":34,"column":4},"end":{"line":34,"column":57}},"10":{"start":{"line":38,"column":4},"end":{"line":68,"column":5}},"11":{"start":{"line":39,"column":6},"end":{"line":41,"column":7}},"12":{"start":{"line":40,"column":8},"end":{"line":40,"column":35}},"13":{"start":{"line":43,"column":6},"end":{"line":67,"column":8}},"14":{"start":{"line":70,"column":4},"end":{"line":70,"column":31}},"15":{"start":{"line":16,"column":0},"end":{"line":16,"column":21}},"16":{"start":{"line":74,"column":15},"end":{"line":143,"column":2}}},"fnMap":{"0":{"name":"(anonymous_0)","decl":{"start":{"line":17,"column":2},"end":{"line":17,"column":14}},"loc":{"start":{"line":17,"column":26},"end":{"line":20,"column":3}}},"1":{"name":"(anonymous_1)","decl":{"start":{"line":22,"column":2},"end":{"line":22,"column":8}},"loc":{"start":{"line":22,"column":46},"end":{"line":24,"column":3}}},"2":{"name":"(anonymous_2)","decl":{"start":{"line":26,"column":2},"end":{"line":26,"column":19}},"loc":{"start":{"line":26,"column":48},"end":{"line":31,"column":3}}},"3":{"name":"(anonymous_3)","decl":{"start":{"line":33,"column":16},"end":{"line":33,"column":19}},"loc":{"start":{"line":33,"column":21},"end":{"line":35,"column":3}}},"4":{"name":"(anonymous_4)","decl":{"start":{"line":37,"column":2},"end":{"line":37,"column":8}},"loc":{"start":{"line":37,"column":8},"end":{"line":71,"column":3}}}},"branchMap":{"0":{"loc":{"start":{"line":38,"column":4},"end":{"line":68,"column":5}},"type":"if","locations":[{"start":{"line":38,"column":4},"end":{"line":68,"column":5}},{"start":{},"end":{}}]},"1":{"loc":{"start":{"line":39,"column":6},"end":{"line":41,"column":7}},"type":"if","locations":[{"start":{"line":39,"column":6},"end":{"line":41,"column":7}},{"start":{},"end":{}}]},"2":{"loc":{"start":{"line":59,"column":13},"end":{"line":63,"column":null}},"type":"binary-expr","locations":[{"start":{"line":59,"column":13},"end":{"line":59,"column":20}},{"start":{"line":59,"column":24},"end":{"line":59,"column":40}},{"start":{"line":60,"column":14},"end":{"line":62,"column":null}}]}},"s":{"0":0,"1":0,"2":0,"3":0,"4":0,"5":0,"6":0,"7":0,"8":0,"9":0,"10":0,"11":0,"12":0,"13":0,"14":0,"15":0,"16":0},"f":{"0":0,"1":0,"2":0,"3":0,"4":0},"b":{"0":[0,0],"1":[0,0],"2":[0,0,0]}}
,"/Users/popsieandal/Documents/GoalStreak/GoalStreakApp/src/components/FriendsTab.tsx": {"path":"/Users/popsieandal/Documents/GoalStreak/GoalStreakApp/src/components/FriendsTab.tsx","statementMap":{"0":{"start":{"line":16,"column":0},"end":{"line":16,"column":24}},"1":{"start":{"line":2,"column":0},"end":{"line":2,"column":72}},"2":{"start":{"line":4,"column":0},"end":{"line":4,"column":56}},"3":{"start":{"line":6,"column":0},"end":{"line":6,"column":38}},"4":{"start":{"line":23,"column":2},"end":{"line":74,"column":4}},"5":{"start":{"line":30,"column":12},"end":{"line":30,"column":35}},"6":{"start":{"line":41,"column":33},"end":{"line":41,"column":60}},"7":{"start":{"line":47,"column":33},"end":{"line":47,"column":61}},"8":{"start":{"line":64,"column":12},"end":{"line":65,"column":null}},"9":{"start":{"line":68,"column":30},"end":{"line":68,"column":61}},"10":{"start":{"line":77,"column":15},"end":{"line":144,"column":2}}},"fnMap":{"0":{"name":"FriendsTab","decl":{"start":{"line":16,"column":24},"end":{"line":16,"column":34}},"loc":{"start":{"line":22,"column":18},"end":{"line":75,"column":1}}},"1":{"name":"(anonymous_2)","decl":{"start":{"line":29,"column":31},"end":{"line":29,"column":32}},"loc":{"start":{"line":30,"column":12},"end":{"line":30,"column":35}}},"2":{"name":"(anonymous_3)","decl":{"start":{"line":41,"column":27},"end":{"line":41,"column":30}},"loc":{"start":{"line":41,"column":33},"end":{"line":41,"column":60}}},"3":{"name":"(anonymous_4)","decl":{"start":{"line":47,"column":27},"end":{"line":47,"column":30}},"loc":{"start":{"line":47,"column":33},"end":{"line":47,"column":61}}},"4":{"name":"(anonymous_5)","decl":{"start":{"line":63,"column":23},"end":{"line":63,"column":24}},"loc":{"start":{"line":64,"column":12},"end":{"line":65,"column":null}}},"5":{"name":"(anonymous_6)","decl":{"start":{"line":68,"column":24},"end":{"line":68,"column":27}},"loc":{"start":{"line":68,"column":30},"end":{"line":68,"column":61}}}},"branchMap":{"0":{"loc":{"start":{"line":26,"column":7},"end":{"line":54,"column":null}},"type":"binary-expr","locations":[{"start":{"line":26,"column":7},"end":{"line":26,"column":33}},{"start":{"line":27,"column":8},"end":{"line":53,"column":null}}]},"1":{"loc":{"start":{"line":34,"column":17},"end":{"line":35,"column":null}},"type":"binary-expr","locations":[{"start":{"line":34,"column":17},"end":{"line":34,"column":32}},{"start":{"line":35,"column":18},"end":{"line":35,"column":80}}]},"2":{"loc":{"start":{"line":58,"column":7},"end":{"line":71,"column":null}},"type":"binary-expr","locations":[{"start":{"line":58,"column":7},"end":{"line":58,"column":25}},{"start":{"line":59,"column":8},"end":{"line":70,"column":null}}]},"3":{"loc":{"start":{"line":60,"column":11},"end":{"line":61,"column":null}},"type":"binary-expr","locations":[{"start":{"line":60,"column":11},"end":{"line":60,"column":37}},{"start":{"line":61,"column":12},"end":{"line":61,"column":79}}]}},"s":{"0":0,"1":0,"2":0,"3":0,"4":0,"5":0,"6":0,"7":0,"8":0,"9":0,"10":0},"f":{"0":0,"1":0,"2":0,"3":0,"4":0,"5":0},"b":{"0":[0,0],"1":[0,0],"2":[0,0],"3":[0,0]}}
,"/Users/popsieandal/Documents/GoalStreak/GoalStreakApp/src/components/HabitCard.tsx": {"path":"/Users/popsieandal/Documents/GoalStreak/GoalStreakApp/src/components/HabitCard.tsx","statementMap":{"0":{"start":{"line":19,"column":0},"end":{"line":19,"column":24}},"1":{"start":{"line":2,"column":0},"end":{"line":2,"column":79}},"2":{"start":{"line":3,"column":0},"end":{"line":3,"column":46}},"3":{"start":{"line":4,"column":0},"end":{"line":4,"column":79}},"4":{"start":{"line":6,"column":0},"end":{"line":6,"column":75}},"5":{"start":{"line":30,"column":31},"end":{"line":45,"column":3}},"6":{"start":{"line":31,"column":4},"end":{"line":31,"column":26}},"7":{"start":{"line":31,"column":19},"end":{"line":31,"column":26}},"8":{"start":{"line":33,"column":4},"end":{"line":44,"column":5}},"9":{"start":{"line":34,"column":6},"end":{"line":41,"column":8}},"10":{"start":{"line":43,"column":6},"end":{"line":43,"column":19}},"11":{"start":{"line":47,"column":23},"end":{"line":58,"column":3}},"12":{"start":{"line":48,"column":4},"end":{"line":48,"column":26}},"13":{"start":{"line":48,"column":19},"end":{"line":48,"column":26}},"14":{"start":{"line":50,"column":4},"end":{"line":57,"column":6}},"15":{"start":{"line":60,"column":27},"end":{"line":67,"column":3}},"16":{"start":{"line":61,"column":4},"end":{"line":66,"column":5}},"17":{"start":{"line":62,"column":20},"end":{"line":62,"column":35}},"18":{"start":{"line":63,"column":21},"end":{"line":63,"column":37}},"19":{"start":{"line":64,"column":22},"end":{"line":64,"column":39}},"20":{"start":{"line":65,"column":15},"end":{"line":65,"column":30}},"21":{"start":{"line":69,"column":24},"end":{"line":74,"column":3}},"22":{"start":{"line":70,"column":4},"end":{"line":72,"column":5}},"23":{"start":{"line":71,"column":6},"end":{"line":71,"column":50}},"24":{"start":{"line":73,"column":4},"end":{"line":73,"column":16}},"25":{"start":{"line":76,"column":2},"end":{"line":191,"column":4}},"26":{"start":{"line":194,"column":15},"end":{"line":311,"column":2}}},"fnMap":{"0":{"name":"HabitCard","decl":{"start":{"line":19,"column":24},"end":{"line":19,"column":33}},"loc":{"start":{"line":28,"column":17},"end":{"line":192,"column":1}}},"1":{"name":"(anonymous_1)","decl":{"start":{"line":30,"column":31},"end":{"line":30,"column":34}},"loc":{"start":{"line":30,"column":36},"end":{"line":45,"column":3}}},"2":{"name":"(anonymous_2)","decl":{"start":{"line":47,"column":23},"end":{"line":47,"column":26}},"loc":{"start":{"line":47,"column":28},"end":{"line":58,"column":3}}},"3":{"name":"(anonymous_3)","decl":{"start":{"line":60,"column":27},"end":{"line":60,"column":30}},"loc":{"start":{"line":60,"column":32},"end":{"line":67,"column":3}}},"4":{"name":"(anonymous_4)","decl":{"start":{"line":69,"column":24},"end":{"line":69,"column":27}},"loc":{"start":{"line":69,"column":29},"end":{"line":74,"column":3}}}},"branchMap":{"0":{"loc":{"start":{"line":23,"column":2},"end":{"line":23,"column":19}},"type":"default-arg","locations":[{"start":{"line":23,"column":14},"end":{"line":23,"column":19}}]},"1":{"loc":{"start":{"line":31,"column":4},"end":{"line":31,"column":26}},"type":"if","locations":[{"start":{"line":31,"column":4},"end":{"line":31,"column":26}},{"start":{},"end":{}}]},"2":{"loc":{"start":{"line":33,"column":4},"end":{"line":44,"column":5}},"type":"if","locations":[{"start":{"line":33,"column":4},"end":{"line":44,"column":5}},{"start":{"line":42,"column":11},"end":{"line":44,"column":5}}]},"3":{"loc":{"start":{"line":48,"column":4},"end":{"line":48,"column":26}},"type":"if","locations":[{"start":{"line":48,"column":4},"end":{"line":48,"column":26}},{"start":{},"end":{}}]},"4":{"loc":{"start":{"line":61,"column":4},"end":{"line":66,"column":5}},"type":"switch","locations":[{"start":{"line":62,"column":6},"end":{"line":62,"column":35}},{"start":{"line":63,"column":6},"end":{"line":63,"column":37}},{"start":{"line":64,"column":6},"end":{"line":64,"column":39}},{"start":{"line":65,"column":6},"end":{"line":65,"column":30}}]},"5":{"loc":{"start":{"line":70,"column":4},"end":{"line":72,"column":5}},"type":"if","locations":[{"start":{"line":70,"column":4},"end":{"line":72,"column":5}},{"start":{},"end":{}}]},"6":{"loc":{"start":{"line":70,"column":8},"end":{"line":70,"column":39}},"type":"binary-expr","locations":[{"start":{"line":70,"column":8},"end":{"line":70,"column":25}},{"start":{"line":70,"column":29},"end":{"line":70,"column":39}}]},"7":{"loc":{"start":{"line":78,"column":32},"end":{"line":78,"column":72}},"type":"binary-expr","locations":[{"start":{"line":78,"column":32},"end":{"line":78,"column":43}},{"start":{"line":78,"column":47},"end":{"line":78,"column":72}}]},"8":{"loc":{"start":{"line":92,"column":44},"end":{"line":92,"column":79}},"type":"binary-expr","locations":[{"start":{"line":92,"column":44},"end":{"line":92,"column":55}},{"start":{"line":92,"column":59},"end":{"line":92,"column":79}}]},"9":{"loc":{"start":{"line":97,"column":15},"end":{"line":101,"column":null}},"type":"binary-expr","locations":[{"start":{"line":97,"column":15},"end":{"line":97,"column":30}},{"start":{"line":98,"column":16},"end":{"line":100,"column":null}}]},"10":{"loc":{"start":{"line":109,"column":11},"end":{"line":119,"column":null}},"type":"binary-expr","locations":[{"start":{"line":109,"column":11},"end":{"line":109,"column":17}},{"start":{"line":110,"column":12},"end":{"line":118,"column":null}}]},"11":{"loc":{"start":{"line":121,"column":11},"end":{"line":131,"column":null}},"type":"binary-expr","locations":[{"start":{"line":121,"column":11},"end":{"line":121,"column":19}},{"start":{"line":122,"column":12},"end":{"line":130,"column":null}}]},"12":{"loc":{"start":{"line":137,"column":7},"end":{"line":138,"column":null}},"type":"binary-expr","locations":[{"start":{"line":137,"column":7},"end":{"line":137,"column":24}},{"start":{"line":138,"column":8},"end":{"line":138,"column":67}}]},"13":{"loc":{"start":{"line":142,"column":7},"end":{"line":158,"column":null}},"type":"binary-expr","locations":[{"start":{"line":142,"column":7},"end":{"line":142,"column":13}},{"start":{"line":143,"column":8},"end":{"line":157,"column":null}}]},"14":{"loc":{"start":{"line":147,"column":41},"end":{"line":147,"column":78}},"type":"cond-expr","locations":[{"start":{"line":147,"column":70},"end":{"line":147,"column":73}},{"start":{"line":147,"column":76},"end":{"line":147,"column":78}}]},"15":{"loc":{"start":{"line":150,"column":11},"end":{"line":156,"column":null}},"type":"binary-expr","locations":[{"start":{"line":150,"column":11},"end":{"line":150,"column":35}},{"start":{"line":151,"column":12},"end":{"line":155,"column":null}}]},"16":{"loc":{"start":{"line":165,"column":10},"end":{"line":165,"column":55}},"type":"binary-expr","locations":[{"start":{"line":165,"column":10},"end":{"line":165,"column":21}},{"start":{"line":165,"column":25},"end":{"line":165,"column":55}}]},"17":{"loc":{"start":{"line":166,"column":10},"end":{"line":166,"column":51}},"type":"binary-expr","locations":[{"start":{"line":166,"column":10},"end":{"line":166,"column":19}},{"start":{"line":166,"column":23},"end":{"line":166,"column":51}}]},"18":{"loc":{"start":{"line":173,"column":31},"end":{"line":173,"column":86}},"type":"cond-expr","locations":[{"start":{"line":173,"column":45},"end":{"line":173,"column":65}},{"start":{"line":173,"column":68},"end":{"line":173,"column":86}}]},"19":{"loc":{"start":{"line":173,"column":109},"end":{"line":173,"column":151}},"type":"cond-expr","locations":[{"start":{"line":173,"column":123},"end":{"line":173,"column":146}},{"start":{"line":173,"column":149},"end":{"line":173,"column":151}}]},"20":{"loc":{"start":{"line":176,"column":11},"end":{"line":183,"column":null}},"type":"cond-expr","locations":[{"start":{"line":177,"column":12},"end":{"line":177,"column":72}},{"start":{"line":179,"column":12},"end":{"line":182,"column":null}}]},"21":{"loc":{"start":{"line":180,"column":20},"end":{"line":180,"column":81}},"type":"cond-expr","locations":[{"start":{"line":180,"column":34},"end":{"line":180,"column":52}},{"start":{"line":180,"column":55},"end":{"line":180,"column":81}}]},"22":{"loc":{"start":{"line":186,"column":13},"end":{"line":186,"column":85}},"type":"cond-expr","locations":[{"start":{"line":186,"column":25},"end":{"line":186,"column":38}},{"start":{"line":186,"column":41},"end":{"line":186,"column":85}}]},"23":{"loc":{"start":{"line":186,"column":41},"end":{"line":186,"column":85}},"type":"cond-expr","locations":[{"start":{"line":186,"column":55},"end":{"line":186,"column":67}},{"start":{"line":186,"column":70},"end":{"line":186,"column":85}}]}},"s":{"0":0,"1":0,"2":0,"3":0,"4":0,"5":0,"6":0,"7":0,"8":0,"9":0,"10":0,"11":0,"12":0,"13":0,"14":0,"15":0,"16":0,"17":0,"18":0,"19":0,"20":0,"21":0,"22":0,"23":0,"24":0,"25":0,"26":0},"f":{"0":0,"1":0,"2":0,"3":0,"4":0},"b":{"0":[0],"1":[0,0],"2":[0,0],"3":[0,0],"4":[0,0,0,0],"5":[0,0],"6":[0,0],"7":[0,0],"8":[0,0],"9":[0,0],"10":[0,0],"11":[0,0],"12":[0,0],"13":[0,0],"14":[0,0],"15":[0,0],"16":[0,0],"17":[0,0],"18":[0,0],"19":[0,0],"20":[0,0],"21":[0,0],"22":[0,0],"23":[0,0]}}
,"/Users/popsieandal/Documents/GoalStreak/GoalStreakApp/src/components/IconPicker.tsx": {"path":"/Users/popsieandal/Documents/GoalStreak/GoalStreakApp/src/components/IconPicker.tsx","statementMap":{"0":{"start":{"line":72,"column":0},"end":{"line":72,"column":24}},"1":{"start":{"line":2,"column":0},"end":{"line":2,"column":84}},"2":{"start":{"line":3,"column":0},"end":{"line":3,"column":46}},"3":{"start":{"line":4,"column":0},"end":{"line":4,"column":79}},"4":{"start":{"line":13,"column":20},"end":{"line":70,"column":2}},"5":{"start":{"line":73,"column":21},"end":{"line":73,"column":73}},"6":{"start":{"line":73,"column":57},"end":{"line":73,"column":70}},"7":{"start":{"line":75,"column":2},"end":{"line":114,"column":4}},"8":{"start":{"line":87,"column":12},"end":{"line":87,"column":33}},"9":{"start":{"line":91,"column":34},"end":{"line":91,"column":60}},"10":{"start":{"line":93,"column":20},"end":{"line":94,"column":null}},"11":{"start":{"line":99,"column":37},"end":{"line":99,"column":60}},"12":{"start":{"line":117,"column":15},"end":{"line":181,"column":2}}},"fnMap":{"0":{"name":"IconPicker","decl":{"start":{"line":72,"column":24},"end":{"line":72,"column":34}},"loc":{"start":{"line":72,"column":91},"end":{"line":115,"column":1}}},"1":{"name":"(anonymous_1)","decl":{"start":{"line":73,"column":49},"end":{"line":73,"column":53}},"loc":{"start":{"line":73,"column":57},"end":{"line":73,"column":70}}},"2":{"name":"(anonymous_2)","decl":{"start":{"line":86,"column":26},"end":{"line":86,"column":27}},"loc":{"start":{"line":87,"column":12},"end":{"line":87,"column":33}}},"3":{"name":"(anonymous_3)","decl":{"start":{"line":91,"column":26},"end":{"line":91,"column":30}},"loc":{"start":{"line":91,"column":34},"end":{"line":91,"column":60}}},"4":{"name":"(anonymous_4)","decl":{"start":{"line":92,"column":23},"end":{"line":92,"column":24}},"loc":{"start":{"line":93,"column":20},"end":{"line":94,"column":null}}},"5":{"name":"(anonymous_5)","decl":{"start":{"line":99,"column":31},"end":{"line":99,"column":34}},"loc":{"start":{"line":99,"column":37},"end":{"line":99,"column":60}}}},"branchMap":{"0":{"loc":{"start":{"line":97,"column":24},"end":{"line":97,"column":79}},"type":"binary-expr","locations":[{"start":{"line":97,"column":24},"end":{"line":97,"column":50}},{"start":{"line":97,"column":54},"end":{"line":97,"column":79}}]},"1":{"loc":{"start":{"line":104,"column":31},"end":{"line":104,"column":93}},"type":"cond-expr","locations":[{"start":{"line":104,"column":60},"end":{"line":104,"column":72}},{"start":{"line":104,"column":75},"end":{"line":104,"column":93}}]}},"s":{"0":0,"1":0,"2":0,"3":0,"4":0,"5":0,"6":0,"7":0,"8":0,"9":0,"10":0,"11":0,"12":0},"f":{"0":0,"1":0,"2":0,"3":0,"4":0,"5":0},"b":{"0":[0,0],"1":[0,0]}}
,"/Users/popsieandal/Documents/GoalStreak/GoalStreakApp/src/components/Input.tsx": {"path":"/Users/popsieandal/Documents/GoalStreak/GoalStreakApp/src/components/Input.tsx","statementMap":{"0":{"start":{"line":7,"column":0},"end":{"line":7,"column":24}},"1":{"start":{"line":1,"column":0},"end":{"line":1,"column":48}},"2":{"start":{"line":2,"column":0},"end":{"line":2,"column":83}},"3":{"start":{"line":3,"column":0},"end":{"line":3,"column":46}},"4":{"start":{"line":4,"column":0},"end":{"line":4,"column":79}},"5":{"start":{"line":18,"column":52},"end":{"line":18,"column":67}},"6":{"start":{"line":19,"column":36},"end":{"line":19,"column":51}},"7":{"start":{"line":20,"column":19},"end":{"line":20,"column":42}},"8":{"start":{"line":22,"column":23},"end":{"line":22,"column":60}},"9":{"start":{"line":23,"column":29},"end":{"line":23,"column":44}},"10":{"start":{"line":26,"column":31},"end":{"line":30,"column":3}},"11":{"start":{"line":27,"column":4},"end":{"line":29,"column":5}},"12":{"start":{"line":28,"column":6},"end":{"line":28,"column":31}},"13":{"start":{"line":32,"column":2},"end":{"line":98,"column":4}},"14":{"start":{"line":61,"column":25},"end":{"line":61,"column":43}},"15":{"start":{"line":62,"column":24},"end":{"line":62,"column":43}},"16":{"start":{"line":81,"column":27},"end":{"line":81,"column":67}},"17":{"start":{"line":101,"column":15},"end":{"line":162,"column":2}}},"fnMap":{"0":{"name":"Input","decl":{"start":{"line":7,"column":24},"end":{"line":7,"column":29}},"loc":{"start":{"line":17,"column":19},"end":{"line":99,"column":1}}},"1":{"name":"(anonymous_1)","decl":{"start":{"line":26,"column":31},"end":{"line":26,"column":34}},"loc":{"start":{"line":26,"column":36},"end":{"line":30,"column":3}}},"2":{"name":"(anonymous_2)","decl":{"start":{"line":61,"column":19},"end":{"line":61,"column":22}},"loc":{"start":{"line":61,"column":25},"end":{"line":61,"column":43}}},"3":{"name":"(anonymous_3)","decl":{"start":{"line":62,"column":18},"end":{"line":62,"column":21}},"loc":{"start":{"line":62,"column":24},"end":{"line":62,"column":43}}},"4":{"name":"(anonymous_4)","decl":{"start":{"line":81,"column":21},"end":{"line":81,"column":24}},"loc":{"start":{"line":81,"column":27},"end":{"line":81,"column":67}}}},"branchMap":{"0":{"loc":{"start":{"line":12,"column":2},"end":{"line":12,"column":25}},"type":"default-arg","locations":[{"start":{"line":12,"column":20},"end":{"line":12,"column":25}}]},"1":{"loc":{"start":{"line":14,"column":2},"end":{"line":14,"column":18}},"type":"default-arg","locations":[{"start":{"line":14,"column":13},"end":{"line":14,"column":18}}]},"2":{"loc":{"start":{"line":15,"column":2},"end":{"line":15,"column":19}},"type":"default-arg","locations":[{"start":{"line":15,"column":14},"end":{"line":15,"column":19}}]},"3":{"loc":{"start":{"line":22,"column":23},"end":{"line":22,"column":60}},"type":"binary-expr","locations":[{"start":{"line":22,"column":23},"end":{"line":22,"column":38}},{"start":{"line":22,"column":42},"end":{"line":22,"column":60}}]},"4":{"loc":{"start":{"line":27,"column":4},"end":{"line":29,"column":5}},"type":"if","locations":[{"start":{"line":27,"column":4},"end":{"line":29,"column":5}},{"start":{},"end":{}}]},"5":{"loc":{"start":{"line":27,"column":8},"end":{"line":27,"column":37}},"type":"binary-expr","locations":[{"start":{"line":27,"column":8},"end":{"line":27,"column":24}},{"start":{"line":27,"column":28},"end":{"line":27,"column":37}}]},"6":{"loc":{"start":{"line":34,"column":7},"end":{"line":34,"column":57}},"type":"binary-expr","locations":[{"start":{"line":34,"column":7},"end":{"line":34,"column":12}},{"start":{"line":34,"column":16},"end":{"line":34,"column":57}}]},"7":{"loc":{"start":{"line":39,"column":10},"end":{"line":39,"column":37}},"type":"binary-expr","locations":[{"start":{"line":39,"column":10},"end":{"line":39,"column":19}},{"start":{"line":39,"column":23},"end":{"line":39,"column":37}}]},"8":{"loc":{"start":{"line":40,"column":10},"end":{"line":40,"column":31}},"type":"binary-expr","locations":[{"start":{"line":40,"column":10},"end":{"line":40,"column":15}},{"start":{"line":40,"column":19},"end":{"line":40,"column":31}}]},"9":{"loc":{"start":{"line":41,"column":10},"end":{"line":41,"column":37}},"type":"binary-expr","locations":[{"start":{"line":41,"column":10},"end":{"line":41,"column":18}},{"start":{"line":41,"column":22},"end":{"line":41,"column":37}}]},"10":{"loc":{"start":{"line":42,"column":10},"end":{"line":42,"column":39}},"type":"binary-expr","locations":[{"start":{"line":42,"column":10},"end":{"line":42,"column":19}},{"start":{"line":42,"column":23},"end":{"line":42,"column":39}}]},"11":{"loc":{"start":{"line":52,"column":12},"end":{"line":52,"column":54}},"type":"binary-expr","locations":[{"start":{"line":52,"column":12},"end":{"line":52,"column":30}},{"start":{"line":52,"column":34},"end":{"line":52,"column":54}}]},"12":{"loc":{"start":{"line":53,"column":12},"end":{"line":53,"column":46}},"type":"binary-expr","locations":[{"start":{"line":53,"column":12},"end":{"line":53,"column":21}},{"start":{"line":53,"column":25},"end":{"line":53,"column":46}}]},"13":{"loc":{"start":{"line":64,"column":29},"end":{"line":64,"column":57}},"type":"cond-expr","locations":[{"start":{"line":64,"column":41},"end":{"line":64,"column":46}},{"start":{"line":64,"column":49},"end":{"line":64,"column":57}}]},"14":{"loc":{"start":{"line":68,"column":25},"end":{"line":68,"column":55}},"type":"cond-expr","locations":[{"start":{"line":68,"column":37},"end":{"line":68,"column":46}},{"start":{"line":68,"column":49},"end":{"line":68,"column":55}}]},"15":{"loc":{"start":{"line":71,"column":30},"end":{"line":71,"column":50}},"type":"binary-expr","locations":[{"start":{"line":71,"column":30},"end":{"line":71,"column":35}},{"start":{"line":71,"column":39},"end":{"line":71,"column":50}}]},"16":{"loc":{"start":{"line":78,"column":9},"end":{"line":92,"column":null}},"type":"binary-expr","locations":[{"start":{"line":78,"column":9},"end":{"line":78,"column":27}},{"start":{"line":79,"column":10},"end":{"line":91,"column":null}}]},"17":{"loc":{"start":{"line":85,"column":35},"end":{"line":85,"column":70}},"type":"cond-expr","locations":[{"start":{"line":85,"column":55},"end":{"line":85,"column":61}},{"start":{"line":85,"column":64},"end":{"line":85,"column":70}}]},"18":{"loc":{"start":{"line":88,"column":20},"end":{"line":88,"column":57}},"type":"cond-expr","locations":[{"start":{"line":88,"column":40},"end":{"line":88,"column":49}},{"start":{"line":88,"column":52},"end":{"line":88,"column":57}}]},"19":{"loc":{"start":{"line":96,"column":7},"end":{"line":96,"column":61}},"type":"binary-expr","locations":[{"start":{"line":96,"column":7},"end":{"line":96,"column":12}},{"start":{"line":96,"column":16},"end":{"line":96,"column":61}}]}},"s":{"0":0,"1":0,"2":0,"3":0,"4":0,"5":0,"6":0,"7":0,"8":0,"9":0,"10":0,"11":0,"12":0,"13":0,"14":0,"15":0,"16":0,"17":0},"f":{"0":0,"1":0,"2":0,"3":0,"4":0},"b":{"0":[0],"1":[0],"2":[0],"3":[0,0],"4":[0,0],"5":[0,0],"6":[0,0],"7":[0,0],"8":[0,0],"9":[0,0],"10":[0,0],"11":[0,0],"12":[0,0],"13":[0,0],"14":[0,0],"15":[0,0],"16":[0,0],"17":[0,0],"18":[0,0],"19":[0,0]}}
,"/Users/popsieandal/Documents/GoalStreak/GoalStreakApp/src/components/InsightsCard.tsx": {"path":"/Users/popsieandal/Documents/GoalStreak/GoalStreakApp/src/components/InsightsCard.tsx","statementMap":{"0":{"start":{"line":13,"column":0},"end":{"line":13,"column":24}},"1":{"start":{"line":3,"column":0},"end":{"line":3,"column":72}},"2":{"start":{"line":4,"column":0},"end":{"line":4,"column":46}},"3":{"start":{"line":5,"column":0},"end":{"line":5,"column":65}},"4":{"start":{"line":14,"column":25},"end":{"line":27,"column":3}},"5":{"start":{"line":15,"column":4},"end":{"line":26,"column":5}},"6":{"start":{"line":17,"column":8},"end":{"line":17,"column":24}},"7":{"start":{"line":19,"column":8},"end":{"line":19,"column":23}},"8":{"start":{"line":21,"column":8},"end":{"line":21,"column":34}},"9":{"start":{"line":23,"column":8},"end":{"line":23,"column":29}},"10":{"start":{"line":25,"column":8},"end":{"line":25,"column":22}},"11":{"start":{"line":29,"column":26},"end":{"line":42,"column":3}},"12":{"start":{"line":30,"column":4},"end":{"line":41,"column":5}},"13":{"start":{"line":32,"column":8},"end":{"line":32,"column":30}},"14":{"start":{"line":34,"column":8},"end":{"line":34,"column":30}},"15":{"start":{"line":36,"column":8},"end":{"line":36,"column":30}},"16":{"start":{"line":38,"column":8},"end":{"line":38,"column":30}},"17":{"start":{"line":40,"column":8},"end":{"line":40,"column":34}},"18":{"start":{"line":44,"column":23},"end":{"line":57,"column":3}},"19":{"start":{"line":45,"column":4},"end":{"line":45,"column":36}},"20":{"start":{"line":45,"column":24},"end":{"line":45,"column":36}},"21":{"start":{"line":47,"column":4},"end":{"line":56,"column":5}},"22":{"start":{"line":49,"column":8},"end":{"line":49,"column":29}},"23":{"start":{"line":51,"column":8},"end":{"line":51,"column":31}},"24":{"start":{"line":53,"column":8},"end":{"line":53,"column":24}},"25":{"start":{"line":55,"column":8},"end":{"line":55,"column":20}},"26":{"start":{"line":59,"column":24},"end":{"line":70,"column":3}},"27":{"start":{"line":60,"column":4},"end":{"line":69,"column":5}},"28":{"start":{"line":62,"column":8},"end":{"line":62,"column":30}},"29":{"start":{"line":64,"column":8},"end":{"line":64,"column":28}},"30":{"start":{"line":66,"column":8},"end":{"line":66,"column":34}},"31":{"start":{"line":68,"column":8},"end":{"line":68,"column":34}},"32":{"start":{"line":72,"column":2},"end":{"line":118,"column":4}},"33":{"start":{"line":121,"column":15},"end":{"line":181,"column":2}}},"fnMap":{"0":{"name":"InsightsCard","decl":{"start":{"line":13,"column":24},"end":{"line":13,"column":36}},"loc":{"start":{"line":13,"column":76},"end":{"line":119,"column":1}}},"1":{"name":"(anonymous_1)","decl":{"start":{"line":14,"column":25},"end":{"line":14,"column":28}},"loc":{"start":{"line":14,"column":30},"end":{"line":27,"column":3}}},"2":{"name":"(anonymous_2)","decl":{"start":{"line":29,"column":26},"end":{"line":29,"column":29}},"loc":{"start":{"line":29,"column":31},"end":{"line":42,"column":3}}},"3":{"name":"(anonymous_3)","decl":{"start":{"line":44,"column":23},"end":{"line":44,"column":26}},"loc":{"start":{"line":44,"column":28},"end":{"line":57,"column":3}}},"4":{"name":"(anonymous_4)","decl":{"start":{"line":59,"column":24},"end":{"line":59,"column":27}},"loc":{"start":{"line":59,"column":29},"end":{"line":70,"column":3}}}},"branchMap":{"0":{"loc":{"start":{"line":15,"column":4},"end":{"line":26,"column":5}},"type":"switch","locations":[{"start":{"line":16,"column":6},"end":{"line":17,"column":24}},{"start":{"line":18,"column":6},"end":{"line":19,"column":23}},{"start":{"line":20,"column":6},"end":{"line":21,"column":34}},{"start":{"line":22,"column":6},"end":{"line":23,"column":29}},{"start":{"line":24,"column":6},"end":{"line":25,"column":22}}]},"1":{"loc":{"start":{"line":30,"column":4},"end":{"line":41,"column":5}},"type":"switch","locations":[{"start":{"line":31,"column":6},"end":{"line":32,"column":30}},{"start":{"line":33,"column":6},"end":{"line":34,"column":30}},{"start":{"line":35,"column":6},"end":{"line":36,"column":30}},{"start":{"line":37,"column":6},"end":{"line":38,"column":30}},{"start":{"line":39,"column":6},"end":{"line":40,"column":34}}]},"2":{"loc":{"start":{"line":45,"column":4},"end":{"line":45,"column":36}},"type":"if","locations":[{"start":{"line":45,"column":4},"end":{"line":45,"column":36}},{"start":{},"end":{}}]},"3":{"loc":{"start":{"line":47,"column":4},"end":{"line":56,"column":5}},"type":"switch","locations":[{"start":{"line":48,"column":6},"end":{"line":49,"column":29}},{"start":{"line":50,"column":6},"end":{"line":51,"column":31}},{"start":{"line":52,"column":6},"end":{"line":53,"column":24}},{"start":{"line":54,"column":6},"end":{"line":55,"column":20}}]},"4":{"loc":{"start":{"line":60,"column":4},"end":{"line":69,"column":5}},"type":"switch","locations":[{"start":{"line":61,"column":6},"end":{"line":62,"column":30}},{"start":{"line":63,"column":6},"end":{"line":64,"column":28}},{"start":{"line":65,"column":6},"end":{"line":66,"column":34}},{"start":{"line":67,"column":6},"end":{"line":68,"column":34}}]},"5":{"loc":{"start":{"line":76,"column":21},"end":{"line":76,"column":38}},"type":"cond-expr","locations":[{"start":{"line":76,"column":31},"end":{"line":76,"column":34}},{"start":{"line":76,"column":37},"end":{"line":76,"column":38}}]},"6":{"loc":{"start":{"line":90,"column":11},"end":{"line":103,"column":null}},"type":"binary-expr","locations":[{"start":{"line":90,"column":11},"end":{"line":90,"column":38}},{"start":{"line":91,"column":12},"end":{"line":102,"column":null}}]},"7":{"loc":{"start":{"line":95,"column":15},"end":{"line":101,"column":null}},"type":"binary-expr","locations":[{"start":{"line":95,"column":15},"end":{"line":95,"column":28}},{"start":{"line":96,"column":16},"end":{"line":100,"column":null}}]},"8":{"loc":{"start":{"line":112,"column":7},"end":{"line":115,"column":null}},"type":"binary-expr","locations":[{"start":{"line":112,"column":7},"end":{"line":112,"column":14}},{"start":{"line":113,"column":8},"end":{"line":114,"column":null}}]}},"s":{"0":0,"1":0,"2":0,"3":0,"4":0,"5":0,"6":0,"7":0,"8":0,"9":0,"10":0,"11":0,"12":0,"13":0,"14":0,"15":0,"16":0,"17":0,"18":0,"19":0,"20":0,"21":0,"22":0,"23":0,"24":0,"25":0,"26":0,"27":0,"28":0,"29":0,"30":0,"31":0,"32":0,"33":0},"f":{"0":0,"1":0,"2":0,"3":0,"4":0},"b":{"0":[0,0,0,0,0],"1":[0,0,0,0,0],"2":[0,0],"3":[0,0,0,0],"4":[0,0,0,0],"5":[0,0],"6":[0,0],"7":[0,0],"8":[0,0]}}
,"/Users/popsieandal/Documents/GoalStreak/GoalStreakApp/src/components/OfflineBanner.tsx": {"path":"/Users/popsieandal/Documents/GoalStreak/GoalStreakApp/src/components/OfflineBanner.tsx","statementMap":{"0":{"start":{"line":11,"column":0},"end":{"line":11,"column":24}},"1":{"start":{"line":2,"column":0},"end":{"line":2,"column":54}},"2":{"start":{"line":3,"column":0},"end":{"line":3,"column":46}},"3":{"start":{"line":4,"column":0},"end":{"line":4,"column":74}},"4":{"start":{"line":5,"column":0},"end":{"line":5,"column":65}},"5":{"start":{"line":12,"column":2},"end":{"line":12,"column":30}},"6":{"start":{"line":12,"column":18},"end":{"line":12,"column":30}},"7":{"start":{"line":14,"column":2},"end":{"line":23,"column":4}},"8":{"start":{"line":26,"column":15},"end":{"line":42,"column":2}}},"fnMap":{"0":{"name":"OfflineBanner","decl":{"start":{"line":11,"column":24},"end":{"line":11,"column":37}},"loc":{"start":{"line":11,"column":71},"end":{"line":24,"column":1}}}},"branchMap":{"0":{"loc":{"start":{"line":12,"column":2},"end":{"line":12,"column":30}},"type":"if","locations":[{"start":{"line":12,"column":2},"end":{"line":12,"column":30}},{"start":{},"end":{}}]}},"s":{"0":0,"1":0,"2":0,"3":0,"4":0,"5":0,"6":0,"7":0,"8":0},"f":{"0":0},"b":{"0":[0,0]}}
,"/Users/popsieandal/Documents/GoalStreak/GoalStreakApp/src/components/ProgressChart.tsx": {"path":"/Users/popsieandal/Documents/GoalStreak/GoalStreakApp/src/components/ProgressChart.tsx","statementMap":{"0":{"start":{"line":14,"column":0},"end":{"line":14,"column":24}},"1":{"start":{"line":3,"column":0},"end":{"line":3,"column":66}},"2":{"start":{"line":4,"column":0},"end":{"line":4,"column":51}},"3":{"start":{"line":5,"column":0},"end":{"line":5,"column":65}},"4":{"start":{"line":19,"column":22},"end":{"line":19,"column":52}},"5":{"start":{"line":22,"column":20},"end":{"line":34,"column":4}},"6":{"start":{"line":24,"column":19},"end":{"line":24,"column":38}},"7":{"start":{"line":25,"column":6},"end":{"line":25,"column":68}},"8":{"start":{"line":29,"column":41},"end":{"line":29,"column":57}},"9":{"start":{"line":30,"column":32},"end":{"line":30,"column":104}},"10":{"start":{"line":36,"column":22},"end":{"line":61,"column":4}},"11":{"start":{"line":41,"column":28},"end":{"line":41,"column":104}},"12":{"start":{"line":42,"column":33},"end":{"line":42,"column":107}},"13":{"start":{"line":63,"column":2},"end":{"line":73,"column":3}},"14":{"start":{"line":64,"column":4},"end":{"line":72,"column":6}},"15":{"start":{"line":75,"column":2},"end":{"line":121,"column":4}},"16":{"start":{"line":101,"column":61},"end":{"line":101,"column":83}},"17":{"start":{"line":108,"column":52},"end":{"line":108,"column":68}},"18":{"start":{"line":115,"column":50},"end":{"line":115,"column":72}},"19":{"start":{"line":124,"column":15},"end":{"line":194,"column":2}}},"fnMap":{"0":{"name":"ProgressChart","decl":{"start":{"line":14,"column":24},"end":{"line":14,"column":37}},"loc":{"start":{"line":18,"column":21},"end":{"line":122,"column":1}}},"1":{"name":"(anonymous_1)","decl":{"start":{"line":23,"column":31},"end":{"line":23,"column":35}},"loc":{"start":{"line":23,"column":38},"end":{"line":26,"column":5}}},"2":{"name":"(anonymous_2)","decl":{"start":{"line":29,"column":33},"end":{"line":29,"column":37}},"loc":{"start":{"line":29,"column":41},"end":{"line":29,"column":57}}},"3":{"name":"(anonymous_3)","decl":{"start":{"line":30,"column":15},"end":{"line":30,"column":16}},"loc":{"start":{"line":30,"column":32},"end":{"line":30,"column":104}}},"4":{"name":"(anonymous_4)","decl":{"start":{"line":41,"column":11},"end":{"line":41,"column":12}},"loc":{"start":{"line":41,"column":28},"end":{"line":41,"column":104}}},"5":{"name":"(anonymous_5)","decl":{"start":{"line":42,"column":16},"end":{"line":42,"column":17}},"loc":{"start":{"line":42,"column":33},"end":{"line":42,"column":107}}},"6":{"name":"(anonymous_6)","decl":{"start":{"line":101,"column":46},"end":{"line":101,"column":47}},"loc":{"start":{"line":101,"column":61},"end":{"line":101,"column":83}}},"7":{"name":"(anonymous_7)","decl":{"start":{"line":108,"column":44},"end":{"line":108,"column":48}},"loc":{"start":{"line":108,"column":52},"end":{"line":108,"column":68}}},"8":{"name":"(anonymous_8)","decl":{"start":{"line":115,"column":35},"end":{"line":115,"column":36}},"loc":{"start":{"line":115,"column":50},"end":{"line":115,"column":72}}}},"branchMap":{"0":{"loc":{"start":{"line":16,"column":2},"end":{"line":16,"column":29}},"type":"default-arg","locations":[{"start":{"line":16,"column":10},"end":{"line":16,"column":29}}]},"1":{"loc":{"start":{"line":17,"column":2},"end":{"line":17,"column":14}},"type":"default-arg","locations":[{"start":{"line":17,"column":11},"end":{"line":17,"column":14}}]},"2":{"loc":{"start":{"line":30,"column":16},"end":{"line":30,"column":27}},"type":"default-arg","locations":[{"start":{"line":30,"column":26},"end":{"line":30,"column":27}}]},"3":{"loc":{"start":{"line":41,"column":12},"end":{"line":41,"column":23}},"type":"default-arg","locations":[{"start":{"line":41,"column":22},"end":{"line":41,"column":23}}]},"4":{"loc":{"start":{"line":42,"column":17},"end":{"line":42,"column":28}},"type":"default-arg","locations":[{"start":{"line":42,"column":27},"end":{"line":42,"column":28}}]},"5":{"loc":{"start":{"line":63,"column":2},"end":{"line":73,"column":3}},"type":"if","locations":[{"start":{"line":63,"column":2},"end":{"line":73,"column":3}},{"start":{},"end":{}}]}},"s":{"0":0,"1":0,"2":0,"3":0,"4":0,"5":0,"6":0,"7":0,"8":0,"9":0,"10":0,"11":0,"12":0,"13":0,"14":0,"15":0,"16":0,"17":0,"18":0,"19":0},"f":{"0":0,"1":0,"2":0,"3":0,"4":0,"5":0,"6":0,"7":0,"8":0},"b":{"0":[0],"1":[0],"2":[0],"3":[0],"4":[0],"5":[0,0]}}
,"/Users/popsieandal/Documents/GoalStreak/GoalStreakApp/src/components/SimpleInput.tsx": {"path":"/Users/popsieandal/Documents/GoalStreak/GoalStreakApp/src/components/SimpleInput.tsx","statementMap":{"0":{"start":{"line":17,"column":0},"end":{"line":17,"column":24}},"1":{"start":{"line":2,"column":0},"end":{"line":2,"column":65}},"2":{"start":{"line":3,"column":0},"end":{"line":3,"column":79}},"3":{"start":{"line":28,"column":2},"end":{"line":51,"column":4}},"4":{"start":{"line":54,"column":15},"end":{"line":87,"column":2}}},"fnMap":{"0":{"name":"SimpleInput","decl":{"start":{"line":17,"column":24},"end":{"line":17,"column":35}},"loc":{"start":{"line":27,"column":19},"end":{"line":52,"column":1}}}},"branchMap":{"0":{"loc":{"start":{"line":22,"column":2},"end":{"line":22,"column":25}},"type":"default-arg","locations":[{"start":{"line":22,"column":20},"end":{"line":22,"column":25}}]},"1":{"loc":{"start":{"line":24,"column":2},"end":{"line":24,"column":19}},"type":"default-arg","locations":[{"start":{"line":24,"column":14},"end":{"line":24,"column":19}}]},"2":{"loc":{"start":{"line":25,"column":2},"end":{"line":25,"column":26}},"type":"default-arg","locations":[{"start":{"line":25,"column":17},"end":{"line":25,"column":26}}]},"3":{"loc":{"start":{"line":26,"column":2},"end":{"line":26,"column":30}},"type":"default-arg","locations":[{"start":{"line":26,"column":19},"end":{"line":26,"column":30}}]},"4":{"loc":{"start":{"line":30,"column":7},"end":{"line":30,"column":57}},"type":"binary-expr","locations":[{"start":{"line":30,"column":7},"end":{"line":30,"column":12}},{"start":{"line":30,"column":16},"end":{"line":30,"column":57}}]},"5":{"loc":{"start":{"line":35,"column":10},"end":{"line":35,"column":44}},"type":"binary-expr","locations":[{"start":{"line":35,"column":10},"end":{"line":35,"column":19}},{"start":{"line":35,"column":23},"end":{"line":35,"column":44}}]},"6":{"loc":{"start":{"line":36,"column":10},"end":{"line":36,"column":36}},"type":"binary-expr","locations":[{"start":{"line":36,"column":10},"end":{"line":36,"column":15}},{"start":{"line":36,"column":19},"end":{"line":36,"column":36}}]},"7":{"loc":{"start":{"line":46,"column":27},"end":{"line":46,"column":55}},"type":"cond-expr","locations":[{"start":{"line":46,"column":39},"end":{"line":46,"column":44}},{"start":{"line":46,"column":47},"end":{"line":46,"column":55}}]},"8":{"loc":{"start":{"line":49,"column":7},"end":{"line":49,"column":61}},"type":"binary-expr","locations":[{"start":{"line":49,"column":7},"end":{"line":49,"column":12}},{"start":{"line":49,"column":16},"end":{"line":49,"column":61}}]}},"s":{"0":0,"1":0,"2":0,"3":0,"4":0},"f":{"0":0},"b":{"0":[0],"1":[0],"2":[0],"3":[0],"4":[0,0],"5":[0,0],"6":[0,0],"7":[0,0],"8":[0,0]}}
,"/Users/popsieandal/Documents/GoalStreak/GoalStreakApp/src/components/SkeletonHabitCard.tsx": {"path":"/Users/popsieandal/Documents/GoalStreak/GoalStreakApp/src/components/SkeletonHabitCard.tsx","statementMap":{"0":{"start":{"line":11,"column":0},"end":{"line":11,"column":24}},"1":{"start":{"line":1,"column":0},"end":{"line":1,"column":41}},"2":{"start":{"line":2,"column":0},"end":{"line":2,"column":48}},"3":{"start":{"line":3,"column":0},"end":{"line":3,"column":null}},"4":{"start":{"line":9,"column":0},"end":{"line":9,"column":53}},"5":{"start":{"line":12,"column":18},"end":{"line":12,"column":37}},"6":{"start":{"line":14,"column":2},"end":{"line":20,"column":9}},"7":{"start":{"line":15,"column":4},"end":{"line":19,"column":6}},"8":{"start":{"line":22,"column":24},"end":{"line":24,"column":5}},"9":{"start":{"line":22,"column":48},"end":{"line":24,"column":4}},"10":{"start":{"line":26,"column":2},"end":{"line":32,"column":4}},"11":{"start":{"line":35,"column":15},"end":{"line":63,"column":2}}},"fnMap":{"0":{"name":"SkeletonHabitCard","decl":{"start":{"line":11,"column":24},"end":{"line":11,"column":41}},"loc":{"start":{"line":11,"column":41},"end":{"line":33,"column":1}}},"1":{"name":"(anonymous_10)","decl":{"start":{"line":14,"column":12},"end":{"line":14,"column":15}},"loc":{"start":{"line":14,"column":17},"end":{"line":20,"column":3}}},"2":{"name":"(anonymous_11)","decl":{"start":{"line":22,"column":41},"end":{"line":22,"column":44}},"loc":{"start":{"line":22,"column":48},"end":{"line":24,"column":4}}}},"branchMap":{},"s":{"0":0,"1":0,"2":0,"3":0,"4":0,"5":0,"6":0,"7":0,"8":0,"9":0,"10":0,"11":0},"f":{"0":0,"1":0,"2":0},"b":{}}
,"/Users/popsieandal/Documents/GoalStreak/GoalStreakApp/src/components/SocialTestButton.tsx": {"path":"/Users/popsieandal/Documents/GoalStreak/GoalStreakApp/src/components/SocialTestButton.tsx","statementMap":{"0":{"start":{"line":7,"column":0},"end":{"line":7,"column":24}},"1":{"start":{"line":3,"column":0},"end":{"line":3,"column":73}},"2":{"start":{"line":4,"column":0},"end":{"line":4,"column":59}},"3":{"start":{"line":5,"column":0},"end":{"line":5,"column":44}},"4":{"start":{"line":9,"column":30},"end":{"line":29,"column":3}},"5":{"start":{"line":10,"column":4},"end":{"line":28,"column":5}},"6":{"start":{"line":11,"column":6},"end":{"line":24,"column":8}},"7":{"start":{"line":19,"column":14},"end":{"line":19,"column":57}},"8":{"start":{"line":20,"column":14},"end":{"line":20,"column":87}},"9":{"start":{"line":26,"column":6},"end":{"line":26,"column":56}},"10":{"start":{"line":27,"column":6},"end":{"line":27,"column":27}},"11":{"start":{"line":31,"column":2},"end":{"line":35,"column":4}},"12":{"start":{"line":38,"column":15},"end":{"line":50,"column":2}}},"fnMap":{"0":{"name":"SocialTestButton","decl":{"start":{"line":7,"column":24},"end":{"line":7,"column":40}},"loc":{"start":{"line":7,"column":40},"end":{"line":36,"column":1}}},"1":{"name":"(anonymous_1)","decl":{"start":{"line":9,"column":30},"end":{"line":9,"column":35}},"loc":{"start":{"line":9,"column":41},"end":{"line":29,"column":3}}},"2":{"name":"(anonymous_2)","decl":{"start":{"line":18,"column":21},"end":{"line":18,"column":26}},"loc":{"start":{"line":18,"column":32},"end":{"line":21,"column":13}}}},"branchMap":{},"s":{"0":0,"1":0,"2":0,"3":0,"4":0,"5":0,"6":0,"7":0,"8":0,"9":0,"10":0,"11":0,"12":0},"f":{"0":0,"1":0,"2":0},"b":{}}
,"/Users/popsieandal/Documents/GoalStreak/GoalStreakApp/src/components/StatsOverview.tsx": {"path":"/Users/popsieandal/Documents/GoalStreak/GoalStreakApp/src/components/StatsOverview.tsx","statementMap":{"0":{"start":{"line":14,"column":0},"end":{"line":14,"column":24}},"1":{"start":{"line":3,"column":0},"end":{"line":3,"column":72}},"2":{"start":{"line":4,"column":0},"end":{"line":4,"column":46}},"3":{"start":{"line":5,"column":0},"end":{"line":5,"column":65}},"4":{"start":{"line":19,"column":25},"end":{"line":28,"column":3}},"5":{"start":{"line":20,"column":4},"end":{"line":27,"column":5}},"6":{"start":{"line":22,"column":8},"end":{"line":22,"column":27}},"7":{"start":{"line":24,"column":8},"end":{"line":24,"column":28}},"8":{"start":{"line":26,"column":8},"end":{"line":26,"column":27}},"9":{"start":{"line":30,"column":29},"end":{"line":44,"column":null}},"10":{"start":{"line":31,"column":4},"end":{"line":43,"column":null}},"11":{"start":{"line":36,"column":21},"end":{"line":36,"column":43}},"12":{"start":{"line":47,"column":25},"end":{"line":59,"column":null}},"13":{"start":{"line":53,"column":4},"end":{"line":58,"column":null}},"14":{"start":{"line":62,"column":2},"end":{"line":125,"column":4}},"15":{"start":{"line":111,"column":14},"end":{"line":111,"column":44}},"16":{"start":{"line":128,"column":15},"end":{"line":258,"column":2}}},"fnMap":{"0":{"name":"StatsOverview","decl":{"start":{"line":14,"column":24},"end":{"line":14,"column":37}},"loc":{"start":{"line":18,"column":21},"end":{"line":126,"column":1}}},"1":{"name":"(anonymous_1)","decl":{"start":{"line":19,"column":25},"end":{"line":19,"column":26}},"loc":{"start":{"line":19,"column":63},"end":{"line":28,"column":3}}},"2":{"name":"(anonymous_2)","decl":{"start":{"line":30,"column":29},"end":{"line":30,"column":30}},"loc":{"start":{"line":31,"column":4},"end":{"line":43,"column":null}}},"3":{"name":"(anonymous_3)","decl":{"start":{"line":36,"column":15},"end":{"line":36,"column":18}},"loc":{"start":{"line":36,"column":21},"end":{"line":36,"column":43}}},"4":{"name":"(anonymous_4)","decl":{"start":{"line":47,"column":25},"end":{"line":47,"column":null}},"loc":{"start":{"line":53,"column":4},"end":{"line":58,"column":null}}},"5":{"name":"(anonymous_5)","decl":{"start":{"line":110,"column":53},"end":{"line":110,"column":54}},"loc":{"start":{"line":111,"column":14},"end":{"line":111,"column":44}}}},"branchMap":{"0":{"loc":{"start":{"line":20,"column":4},"end":{"line":27,"column":5}},"type":"switch","locations":[{"start":{"line":21,"column":6},"end":{"line":22,"column":27}},{"start":{"line":23,"column":6},"end":{"line":24,"column":28}},{"start":{"line":25,"column":6},"end":{"line":26,"column":27}}]},"1":{"loc":{"start":{"line":34,"column":8},"end":{"line":34,"column":62}},"type":"binary-expr","locations":[{"start":{"line":34,"column":8},"end":{"line":34,"column":33}},{"start":{"line":34,"column":37},"end":{"line":34,"column":62}}]},"2":{"loc":{"start":{"line":40,"column":8},"end":{"line":40,"column":66}},"type":"binary-expr","locations":[{"start":{"line":40,"column":8},"end":{"line":40,"column":33}},{"start":{"line":40,"column":37},"end":{"line":40,"column":66}}]},"3":{"loc":{"start":{"line":51,"column":4},"end":{"line":51,"column":34}},"type":"default-arg","locations":[{"start":{"line":51,"column":20},"end":{"line":51,"column":34}}]},"4":{"loc":{"start":{"line":106,"column":7},"end":{"line":122,"column":null}},"type":"binary-expr","locations":[{"start":{"line":106,"column":7},"end":{"line":106,"column":41}},{"start":{"line":107,"column":8},"end":{"line":121,"column":null}}]}},"s":{"0":0,"1":0,"2":0,"3":0,"4":0,"5":0,"6":0,"7":0,"8":0,"9":0,"10":0,"11":0,"12":0,"13":0,"14":0,"15":0,"16":0},"f":{"0":0,"1":0,"2":0,"3":0,"4":0,"5":0},"b":{"0":[0,0,0],"1":[0,0],"2":[0,0],"3":[0],"4":[0,0]}}
,"/Users/popsieandal/Documents/GoalStreak/GoalStreakApp/src/constants/limits.ts": {"path":"/Users/popsieandal/Documents/GoalStreak/GoalStreakApp/src/constants/limits.ts","statementMap":{"0":{"start":{"line":2,"column":13},"end":{"line":9,"column":11}},"1":{"start":{"line":11,"column":0},"end":{"line":11,"column":22}}},"fnMap":{},"branchMap":{},"s":{"0":0,"1":0},"f":{},"b":{}}
,"/Users/popsieandal/Documents/GoalStreak/GoalStreakApp/src/constants/theme.ts": {"path":"/Users/popsieandal/Documents/GoalStreak/GoalStreakApp/src/constants/theme.ts","statementMap":{"0":{"start":{"line":3,"column":13},"end":{"line":31,"column":11}},"1":{"start":{"line":33,"column":13},"end":{"line":109,"column":11}},"2":{"start":{"line":111,"column":13},"end":{"line":123,"column":11}},"3":{"start":{"line":125,"column":13},"end":{"line":132,"column":11}},"4":{"start":{"line":134,"column":13},"end":{"line":156,"column":11}},"5":{"start":{"line":158,"column":13},"end":{"line":177,"column":11}},"6":{"start":{"line":180,"column":13},"end":{"line":187,"column":11}},"7":{"start":{"line":189,"column":0},"end":{"line":189,"column":21}}},"fnMap":{},"branchMap":{},"s":{"0":0,"1":0,"2":0,"3":0,"4":0,"5":0,"6":0,"7":0},"f":{},"b":{}}
,"/Users/popsieandal/Documents/GoalStreak/GoalStreakApp/src/contexts/ThemeContext.tsx": {"path":"/Users/popsieandal/Documents/GoalStreak/GoalStreakApp/src/contexts/ThemeContext.tsx","statementMap":{"0":{"start":{"line":23,"column":0},"end":{"line":23,"column":16}},"1":{"start":{"line":77,"column":0},"end":{"line":77,"column":16}},"2":{"start":{"line":2,"column":0},"end":{"line":2,"column":89}},"3":{"start":{"line":3,"column":0},"end":{"line":3,"column":69}},"4":{"start":{"line":4,"column":0},"end":{"line":4,"column":46}},"5":{"start":{"line":15,"column":21},"end":{"line":15,"column":75}},"6":{"start":{"line":17,"column":26},"end":{"line":17,"column":45}},"7":{"start":{"line":24,"column":28},"end":{"line":24,"column":44}},"8":{"start":{"line":25,"column":41},"end":{"line":25,"column":70}},"9":{"start":{"line":28,"column":21},"end":{"line":29,"column":60}},"10":{"start":{"line":32,"column":2},"end":{"line":45,"column":9}},"11":{"start":{"line":33,"column":22},"end":{"line":42,"column":5}},"12":{"start":{"line":34,"column":6},"end":{"line":41,"column":7}},"13":{"start":{"line":35,"column":27},"end":{"line":35,"column":72}},"14":{"start":{"line":36,"column":8},"end":{"line":38,"column":9}},"15":{"start":{"line":37,"column":10},"end":{"line":37,"column":53}},"16":{"start":{"line":40,"column":8},"end":{"line":40,"column":64}},"17":{"start":{"line":44,"column":4},"end":{"line":44,"column":16}},"18":{"start":{"line":48,"column":23},"end":{"line":55,"column":3}},"19":{"start":{"line":49,"column":4},"end":{"line":54,"column":5}},"20":{"start":{"line":50,"column":6},"end":{"line":50,"column":30}},"21":{"start":{"line":51,"column":6},"end":{"line":51,"column":58}},"22":{"start":{"line":53,"column":6},"end":{"line":53,"column":61}},"23":{"start":{"line":58,"column":22},"end":{"line":61,"column":3}},"24":{"start":{"line":59,"column":20},"end":{"line":59,"column":49}},"25":{"start":{"line":60,"column":4},"end":{"line":60,"column":26}},"26":{"start":{"line":63,"column":34},"end":{"line":68,"column":4}},"27":{"start":{"line":70,"column":2},"end":{"line":74,"column":4}},"28":{"start":{"line":78,"column":18},"end":{"line":78,"column":42}},"29":{"start":{"line":79,"column":2},"end":{"line":81,"column":3}},"30":{"start":{"line":80,"column":4},"end":{"line":80,"column":68}},"31":{"start":{"line":82,"column":2},"end":{"line":82,"column":17}},"32":{"start":{"line":85,"column":0},"end":{"line":85,"column":29}}},"fnMap":{"0":{"name":"ThemeProvider","decl":{"start":{"line":23,"column":16},"end":{"line":23,"column":29}},"loc":{"start":{"line":23,"column":62},"end":{"line":75,"column":1}}},"1":{"name":"(anonymous_2)","decl":{"start":{"line":32,"column":12},"end":{"line":32,"column":15}},"loc":{"start":{"line":32,"column":17},"end":{"line":45,"column":3}}},"2":{"name":"(anonymous_3)","decl":{"start":{"line":33,"column":22},"end":{"line":33,"column":27}},"loc":{"start":{"line":33,"column":33},"end":{"line":42,"column":5}}},"3":{"name":"(anonymous_4)","decl":{"start":{"line":48,"column":23},"end":{"line":48,"column":28}},"loc":{"start":{"line":48,"column":49},"end":{"line":55,"column":3}}},"4":{"name":"(anonymous_5)","decl":{"start":{"line":58,"column":22},"end":{"line":58,"column":25}},"loc":{"start":{"line":58,"column":27},"end":{"line":61,"column":3}}},"5":{"name":"useTheme","decl":{"start":{"line":77,"column":16},"end":{"line":77,"column":24}},"loc":{"start":{"line":77,"column":24},"end":{"line":83,"column":1}}}},"branchMap":{"0":{"loc":{"start":{"line":28,"column":21},"end":{"line":29,"column":60}},"type":"binary-expr","locations":[{"start":{"line":28,"column":21},"end":{"line":28,"column":41}},{"start":{"line":29,"column":5},"end":{"line":29,"column":27}},{"start":{"line":29,"column":31},"end":{"line":29,"column":59}}]},"1":{"loc":{"start":{"line":36,"column":8},"end":{"line":38,"column":9}},"type":"if","locations":[{"start":{"line":36,"column":8},"end":{"line":38,"column":9}},{"start":{},"end":{}}]},"2":{"loc":{"start":{"line":36,"column":12},"end":{"line":36,"column":74}},"type":"binary-expr","locations":[{"start":{"line":36,"column":12},"end":{"line":36,"column":22}},{"start":{"line":36,"column":26},"end":{"line":36,"column":74}}]},"3":{"loc":{"start":{"line":59,"column":20},"end":{"line":59,"column":49}},"type":"cond-expr","locations":[{"start":{"line":59,"column":33},"end":{"line":59,"column":40}},{"start":{"line":59,"column":43},"end":{"line":59,"column":49}}]},"4":{"loc":{"start":{"line":79,"column":2},"end":{"line":81,"column":3}},"type":"if","locations":[{"start":{"line":79,"column":2},"end":{"line":81,"column":3}},{"start":{},"end":{}}]}},"s":{"0":0,"1":0,"2":0,"3":0,"4":0,"5":0,"6":0,"7":0,"8":0,"9":0,"10":0,"11":0,"12":0,"13":0,"14":0,"15":0,"16":0,"17":0,"18":0,"19":0,"20":0,"21":0,"22":0,"23":0,"24":0,"25":0,"26":0,"27":0,"28":0,"29":0,"30":0,"31":0,"32":0},"f":{"0":0,"1":0,"2":0,"3":0,"4":0,"5":0},"b":{"0":[0,0,0],"1":[0,0],"2":[0,0],"3":[0,0],"4":[0,0]}}
,"/Users/popsieandal/Documents/GoalStreak/GoalStreakApp/src/hooks/useAnalytics.ts": {"path":"/Users/popsieandal/Documents/GoalStreak/GoalStreakApp/src/hooks/useAnalytics.ts","statementMap":{"0":{"start":{"line":2,"column":0},"end":{"line":2,"column":57}},"1":{"start":{"line":3,"column":0},"end":{"line":3,"column":36}},"2":{"start":{"line":4,"column":0},"end":{"line":4,"column":null}},"3":{"start":{"line":37,"column":28},"end":{"line":199,"column":1}},"4":{"start":{"line":38,"column":19},"end":{"line":38,"column":28}},"5":{"start":{"line":41,"column":46},"end":{"line":41,"column":76}},"6":{"start":{"line":42,"column":44},"end":{"line":42,"column":82}},"7":{"start":{"line":43,"column":46},"end":{"line":43,"column":84}},"8":{"start":{"line":44,"column":44},"end":{"line":44,"column":82}},"9":{"start":{"line":45,"column":36},"end":{"line":45,"column":61}},"10":{"start":{"line":46,"column":34},"end":{"line":46,"column":61}},"11":{"start":{"line":49,"column":54},"end":{"line":49,"column":69}},"12":{"start":{"line":50,"column":48},"end":{"line":50,"column":63}},"13":{"start":{"line":51,"column":52},"end":{"line":51,"column":67}},"14":{"start":{"line":54,"column":46},"end":{"line":54,"column":89}},"15":{"start":{"line":55,"column":28},"end":{"line":55,"column":57}},"16":{"start":{"line":58,"column":29},"end":{"line":72,"column":16}},"17":{"start":{"line":59,"column":4},"end":{"line":59,"column":26}},"18":{"start":{"line":59,"column":19},"end":{"line":59,"column":26}},"19":{"start":{"line":61,"column":4},"end":{"line":61,"column":32}},"20":{"start":{"line":63,"column":4},"end":{"line":71,"column":5}},"21":{"start":{"line":64,"column":24},"end":{"line":64,"column":73}},"22":{"start":{"line":65,"column":6},"end":{"line":65,"column":35}},"23":{"start":{"line":67,"column":6},"end":{"line":67,"column":59}},"24":{"start":{"line":68,"column":6},"end":{"line":68,"column":49}},"25":{"start":{"line":70,"column":6},"end":{"line":70,"column":35}},"26":{"start":{"line":75,"column":30},"end":{"line":92,"column":16}},"27":{"start":{"line":76,"column":4},"end":{"line":76,"column":26}},"28":{"start":{"line":76,"column":19},"end":{"line":76,"column":26}},"29":{"start":{"line":78,"column":4},"end":{"line":91,"column":5}},"30":{"start":{"line":79,"column":34},"end":{"line":83,"column":8}},"31":{"start":{"line":85,"column":6},"end":{"line":85,"column":29}},"32":{"start":{"line":86,"column":6},"end":{"line":86,"column":31}},"33":{"start":{"line":87,"column":6},"end":{"line":87,"column":29}},"34":{"start":{"line":89,"column":6},"end":{"line":89,"column":60}},"35":{"start":{"line":90,"column":6},"end":{"line":90,"column":50}},"36":{"start":{"line":95,"column":24},"end":{"line":109,"column":16}},"37":{"start":{"line":96,"column":4},"end":{"line":96,"column":26}},"38":{"start":{"line":96,"column":19},"end":{"line":96,"column":26}},"39":{"start":{"line":98,"column":4},"end":{"line":98,"column":29}},"40":{"start":{"line":100,"column":4},"end":{"line":108,"column":5}},"41":{"start":{"line":101,"column":21},"end":{"line":101,"column":71}},"42":{"start":{"line":102,"column":6},"end":{"line":102,"column":27}},"43":{"start":{"line":104,"column":6},"end":{"line":104,"column":54}},"44":{"start":{"line":105,"column":6},"end":{"line":105,"column":44}},"45":{"start":{"line":107,"column":6},"end":{"line":107,"column":32}},"46":{"start":{"line":112,"column":23},"end":{"line":126,"column":16}},"47":{"start":{"line":113,"column":4},"end":{"line":113,
[...]
:{"line":84,"column":11},"end":{"line":86,"column":5}},{"start":{},"end":{}}]},"6":{"loc":{"start":{"line":98,"column":4},"end":{"line":100,"column":5}},"type":"if","locations":[{"start":{"line":98,"column":4},"end":{"line":100,"column":5}},{"start":{},"end":{}}]},"7":{"loc":{"start":{"line":98,"column":8},"end":{"line":98,"column":70}},"type":"binary-expr","locations":[{"start":{"line":98,"column":8},"end":{"line":98,"column":27}},{"start":{"line":98,"column":31},"end":{"line":98,"column":70}}]},"8":{"loc":{"start":{"line":106,"column":2},"end":{"line":108,"column":3}},"type":"if","locations":[{"start":{"line":106,"column":2},"end":{"line":108,"column":3}},{"start":{},"end":{}}]},"9":{"loc":{"start":{"line":106,"column":6},"end":{"line":106,"column":75}},"type":"binary-expr","locations":[{"start":{"line":106,"column":6},"end":{"line":106,"column":25}},{"start":{"line":106,"column":29},"end":{"line":106,"column":75}}]},"10":{"loc":{"start":{"line":111,"column":2},"end":{"line":113,"column":3}},"type":"if","locations":[{"start":{"line":111,"column":2},"end":{"line":113,"column":3}},{"start":{},"end":{}}]},"11":{"loc":{"start":{"line":111,"column":6},"end":{"line":111,"column":78}},"type":"binary-expr","locations":[{"start":{"line":111,"column":6},"end":{"line":111,"column":26}},{"start":{"line":111,"column":30},"end":{"line":111,"column":78}}]},"12":{"loc":{"start":{"line":116,"column":2},"end":{"line":118,"column":3}},"type":"if","locations":[{"start":{"line":116,"column":2},"end":{"line":118,"column":3}},{"start":{},"end":{}}]},"13":{"loc":{"start":{"line":121,"column":2},"end":{"line":125,"column":3}},"type":"if","locations":[{"start":{"line":121,"column":2},"end":{"line":125,"column":3}},{"start":{},"end":{}}]},"14":{"loc":{"start":{"line":121,"column":6},"end":{"line":121,"column":75}},"type":"binary-expr","locations":[{"start":{"line":121,"column":6},"end":{"line":121,"column":41}},{"start":{"line":121,"column":45},"end":{"line":121,"column":75}}]},"15":{"loc":{"start":{"line":122,"column":4},"end":{"line":124,"column":5}},"type":"if","locations":[{"start":{"line":122,"column":4},"end":{"line":124,"column":5}},{"start":{},"end":{}}]},"16":{"loc":{"start":{"line":122,"column":8},"end":{"line":122,"column":78}},"type":"binary-expr","locations":[{"start":{"line":122,"column":8},"end":{"line":122,"column":49}},{"start":{"line":122,"column":53},"end":{"line":122,"column":78}}]},"17":{"loc":{"start":{"line":127,"column":2},"end":{"line":133,"column":3}},"type":"if","locations":[{"start":{"line":127,"column":2},"end":{"line":133,"column":3}},{"start":{},"end":{}}]},"18":{"loc":{"start":{"line":129,"column":4},"end":{"line":131,"column":5}},"type":"if","locations":[{"start":{"line":129,"column":4},"end":{"line":131,"column":5}},{"start":{},"end":{}}]},"19":{"loc":{"start":{"line":138,"column":19},"end":{"line":138,"column":66}},"type":"cond-expr","locations":[{"start":{"line":138,"column":41},"end":{"line":138,"column":54}},{"start":{"line":138,"column":57},"end":{"line":138,"column":66}}]},"20":{"loc":{"start":{"line":146,"column":2},"end":{"line":148,"column":3}},"type":"if","locations":[{"start":{"line":146,"column":2},"end":{"line":148,"column":3}},{"start":{},"end":{}}]},"21":{"loc":{"start":{"line":146,"column":6},"end":{"line":146,"column":41}},"type":"binary-expr","locations":[{"start":{"line":146,"column":6},"end":{"line":146,"column":12}},{"start":{"line":146,"column":16},"end":{"line":146,"column":41}}]},"22":{"loc":{"start":{"line":151,"column":2},"end":{"line":153,"column":3}},"type":"if","locations":[{"start":{"line":151,"column":2},"end":{"line":153,"column":3}},{"start":{},"end":{}}]},"23":{"loc":{"start":{"line":151,"column":6},"end":{"line":151,"column":76}},"type":"binary-expr","locations":[{"start":{"line":151,"column":6},"end":{"line":151,"column":25}},{"start":{"line":151,"column":29},"end":{"line":151,"column":48}},{"start":{"line":151,"column":52},"end":{"line":151,"column":76}}]},"24":{"loc":{"start":{"line":156,"column":2},"end":{"line":158,"column":3}},"type":"if","locations":[{"start":{"line":156,"column":2},"end":{"line":158,"column":3}},{"start":{},"end":{}}]},"25":{"loc":{"start":{"line":156,"column":6},"end":{"line":156,"column":96}},"type":"binary-expr","locations":[{"start":{"line":156,"column":6},"end":{"line":156,"column":25}},{"start":{"line":156,"column":29},"end":{"line":156,"column":48}},{"start":{"line":156,"column":52},"end":{"line":156,"column":72}},{"start":{"line":156,"column":76},"end":{"line":156,"column":96}}]},"26":{"loc":{"start":{"line":162,"column":2},"end":{"line":164,"column":3}},"type":"if","locations":[{"start":{"line":162,"column":2},"end":{"line":164,"column":3}},{"start":{},"end":{}}]},"27":{"loc":{"start":{"line":167,"column":2},"end":{"line":169,"column":3}},"type":"if","locations":[{"start":{"line":167,"column":2},"end":{"line":169,"column":3}},{"start":{},"end":{}}]},"28":{"loc":{"start":{"line":180,"column":2},"end":{"line":183,"column":3}},"type":"if","locations":[{"start":{"line":180,"column":2},"end":{"line":183,"column":3}},{"start":{},"end":{}}]},"29":{"loc":{"start":{"line":180,"column":6},"end":{"line":180,"column":47}},"type":"binary-expr","locations":[{"start":{"line":180,"column":6},"end":{"line":180,"column":15}},{"start":{"line":180,"column":19},"end":{"line":180,"column":47}}]},"30":{"loc":{"start":{"line":186,"column":2},"end":{"line":188,"column":3}},"type":"if","locations":[{"start":{"line":186,"column":2},"end":{"line":188,"column":3}},{"start":{},"end":{}}]},"31":{"loc":{"start":{"line":190,"column":2},"end":{"line":192,"column":3}},"type":"if","locations":[{"start":{"line":190,"column":2},"end":{"line":192,"column":3}},{"start":{},"end":{}}]},"32":{"loc":{"start":{"line":195,"column":2},"end":{"line":197,"column":3}},"type":"if","locations":[{"start":{"line":195,"column":2},"end":{"line":197,"column":3}},{"start":{},"end":{}}]},"33":{"loc":{"start":{"line":199,"column":2},"end":{"line":201,"column":3}},"type":"if","locations":[{"start":{"line":199,"column":2},"end":{"line":201,"column":3}},{"start":{},"end":{}}]},"34":{"loc":{"start":{"line":203,"column":2},"end":{"line":205,"column":3}},"type":"if","locations":[{"start":{"line":203,"column":2},"end":{"line":205,"column":3}},{"start":{},"end":{}}]},"35":{"loc":{"start":{"line":207,"column":2},"end":{"line":209,"column":3}},"type":"if","locations":[{"start":{"line":207,"column":2},"end":{"line":209,"column":3}},{"start":{},"end":{}}]},"36":{"loc":{"start":{"line":217,"column":2},"end":{"line":219,"column":3}},"type":"if","locations":[{"start":{"line":217,"column":2},"end":{"line":219,"column":3}},{"start":{},"end":{}}]},"37":{"loc":{"start":{"line":223,"column":2},"end":{"line":238,"column":3}},"type":"if","locations":[{"start":{"line":223,"column":2},"end":{"line":238,"column":3}},{"start":{},"end":{}}]},"38":{"loc":{"start":{"line":233,"column":4},"end":{"line":237,"column":5}},"type":"if","locations":[{"start":{"line":233,"column":4},"end":{"line":237,"column":5}},{"start":{"line":235,"column":11},"end":{"line":237,"column":5}}]},"39":{"loc":{"start":{"line":235,"column":11},"end":{"line":237,"column":5}},"type":"if","locations":[{"start":{"line":235,"column":11},"end":{"line":237,"column":5}},{"start":{},"end":{}}]},"40":{"loc":{"start":{"line":243,"column":14},"end":{"line":243,"column":56}},"type":"cond-expr","locations":[{"start":{"line":243,"column":36},"end":{"line":243,"column":44}},{"start":{"line":243,"column":47},"end":{"line":243,"column":56}}]},"41":{"loc":{"start":{"line":253,"column":2},"end":{"line":256,"column":3}},"type":"if","locations":[{"start":{"line":253,"column":2},"end":{"line":256,"column":3}},{"start":{},"end":{}}]},"42":{"loc":{"start":{"line":253,"column":6},"end":{"line":253,"column":53}},"type":"binary-expr","locations":[{"start":{"line":253,"column":6},"end":{"line":253,"column":18}},{"start":{"line":253,"column":22},"end":{"line":253,"column":53}}]},"43":{"loc":{"start":{"line":260,"column":2},"end":{"line":262,"column":3}},"type":"if","locations":[{"start":{"line":260,"column":2},"end":{"line":262,"column":3}},{"start":{},"end":{}}]},"44":{"loc":{"start":{"line":264,"column":2},"end":{"line":266,"column":3}},"type":"if","locations":[{"start":{"line":264,"column":2},"end":{"line":266,"column":3}},{"start":{},"end":{}}]},"45":{"loc":{"start":{"line":268,"column":2},"end":{"line":270,"column":3}},"type":"if","locations":[{"start":{"line":268,"column":2},"end":{"line":270,"column":3}},{"start":{},"end":{}}]},"46":{"loc":{"start":{"line":291,"column":2},"end":{"line":293,"column":3}},"type":"if","locations":[{"start":{"line":291,"column":2},"end":{"line":293,"column":3}},{"start":{},"end":{}}]},"47":{"loc":{"start":{"line":298,"column":2},"end":{"line":300,"column":3}},"type":"if","locations":[{"start":{"line":298,"column":2},"end":{"line":300,"column":3}},{"start":{},"end":{}}]},"48":{"loc":{"start":{"line":304,"column":2},"end":{"line":306,"column":3}},"type":"if","locations":[{"start":{"line":304,"column":2},"end":{"line":306,"column":3}},{"start":{},"end":{}}]},"49":{"loc":{"start":{"line":310,"column":2},"end":{"line":312,"column":3}},"type":"if","locations":[{"start":{"line":310,"column":2},"end":{"line":312,"column":3}},{"start":{},"end":{}}]},"50":{"loc":{"start":{"line":340,"column":2},"end":{"line":343,"column":3}},"type":"if","locations":[{"start":{"line":340,"column":2},"end":{"line":343,"column":3}},{"start":{},"end":{}}]},"51":{"loc":{"start":{"line":340,"column":6},"end":{"line":340,"column":41}},"type":"binary-expr","locations":[{"start":{"line":340,"column":6},"end":{"line":340,"column":12}},{"start":{"line":340,"column":16},"end":{"line":340,"column":41}}]},"52":{"loc":{"start":{"line":347,"column":2},"end":{"line":349,"column":3}},"type":"if","locations":[{"start":{"line":347,"column":2},"end":{"line":349,"column":3}},{"start":{},"end":{}}]},"53":{"loc":{"start":{"line":351,"column":2},"end":{"line":353,"column":3}},"type":"if","locations":[{"start":{"line":351,"column":2},"end":{"line":353,"column":3}},{"start":{},"end":{}}]},"54":{"loc":{"start":{"line":367,"column":4},"end":{"line":370,"column":5}},"type":"if","locations":[{"start":{"line":367,"column":4},"end":{"line":370,"column":5}},{"start":{},"end":{}}]},"55":{"loc":{"start":{"line":389,"column":4},"end":{"line":392,"column":5}},"type":"if","locations":[{"start":{"line":389,"column":4},"end":{"line":392,"column":5}},{"start":{},"end":{}}]},"56":{"loc":{"start":{"line":395,"column":4},"end":{"line":413,"column":5}},"type":"if","locations":[{"start":{"line":395,"column":4},"end":{"line":413,"column":5}},{"start":{"line":401,"column":11},"end":{"line":413,"column":5}}]},"57":{"loc":{"start":{"line":397,"column":6},"end":{"line":399,"column":7}},"type":"if","locations":[{"start":{"line":397,"column":6},"end":{"line":399,"column":7}},{"start":{},"end":{}}]},"58":{"loc":{"start":{"line":401,"column":11},"end":{"line":413,"column":5}},"type":"if","locations":[{"start":{"line":401,"column":11},"end":{"line":413,"column":5}},{"start":{"line":407,"column":11},"end":{"line":413,"column":5}}]},"59":{"loc":{"start":{"line":402,"column":6},"end":{"line":406,"column":7}},"type":"if","locations":[{"start":{"line":402,"column":6},"end":{"line":406,"column":7}},{"start":{"line":404,"column":13},"end":{"line":406,"column":7}}]},"60":{"loc":{"start":{"line":407,"column":11},"end":{"line":413,"column":5}},"type":"if","locations":[{"start":{"line":407,"column":11},"end":{"line":413,"column":5}},{"start":{"line":409,"column":11},"end":{"line":413,"column":5}}]},"61":{"loc":{"start":{"line":409,"column":11},"end":{"line":413,"column":5}},"type":"if","locations":[{"start":{"line":409,"column":11},"end":{"line":413,"column":5}},{"start":{"line":411,"column":11},"end":{"line":413,"column":5}}]},"62":{"loc":{"start":{"line":409,"column":15},"end":{"line":409,"column":52}},"type":"binary-expr","locations":[{"start":{"line":409,"column":15},"end":{"line":409,"column":29}},{"start":{"line":409,"column":33},"end":{"line":409,"column":52}}]},"63":{"loc":{"start":{"line":419,"column":19},"end":{"line":419,"column":66}},"type":"cond-expr","locations":[{"start":{"line":419,"column":41},"end":{"line":419,"column":54}},{"start":{"line":419,"column":57},"end":{"line":419,"column":66}}]},"64":{"loc":{"start":{"line":433,"column":4},"end":{"line":437,"column":5}},"type":"if","locations":[{"start":{"line":433,"column":4},"end":{"line":437,"column":5}},{"start":{},"end":{}}]},"65":{"loc":{"start":{"line":433,"column":8},"end":{"line":433,"column":41}},"type":"binary-expr","locations":[{"start":{"line":433,"column":8},"end":{"line":433,"column":15}},{"start":{"line":433,"column":19},"end":{"line":433,"column":41}}]},"66":{"loc":{"start":{"line":439,"column":4},"end":{"line":441,"column":5}},"type":"if","locations":[{"start":{"line":439,"column":4},"end":{"line":441,"column":5}},{"start":{},"end":{}}]},"67":{"loc":{"start":{"line":449,"column":4},"end":{"line":451,"column":5}},"type":"if","locations":[{"start":{"line":449,"column":4},"end":{"line":451,"column":5}},{"start":{},"end":{}}]},"68":{"loc":{"start":{"line":449,"column":8},"end":{"line":449,"column":48}},"type":"binary-expr","locations":[{"start":{"line":449,"column":8},"end":{"line":449,"column":15}},{"start":{"line":449,"column":19},"end":{"line":449,"column":48}}]}},"s":{"0":0,"1":0,"2":0,"3":0,"4":0,"5":0,"6":0,"7":0,"8":0,"9":0,"10":0,"11":0,"12":0,"13":0,"14":0,"15":0,"16":0,"17":0,"18":0,"19":0,"20":0,"21":0,"22":0,"23":0,"24":0,"25":0,"26":0,"27":0,"28":0,"29":0,"30":0,"31":0,"32":0,"33":0,"34":0,"35":0,"36":0,"37":0,"38":0,"39":0,"40":0,"41":0,"42":0,"43":0,"44":0,"45":0,"46":0,"47":0,"48":0,"49":0,"50":0,"51":0,"52":0,"53":0,"54":0,"55":0,"56":0,"57":0,"58":0,"59":0,"60":0,"61":0,"62":0,"63":0,"64":0,"65":0,"66":0,"67":0,"68":0,"69":0,"70":0,"71":0,"72":0,"73":0,"74":0,"75":0,"76":0,"77":0,"78":0,"79":0,"80":0,"81":0,"82":0,"83":0,"84":0,"85":0,"86":0,"87":0,"88":0,"89":0,"90":0,"91":0,"92":0,"93":0,"94":0,"95":0,"96":0,"97":0,"98":0,"99":0,"100":0,"101":0,"102":0,"103":0,"104":0,"105":0,"106":0,"107":0,"108":0,"109":0,"110":0,"111":0,"112":0,"113":0,"114":0,"115":0,"116":0,"117":0,"118":0,"119":0,"120":0,"121":0,"122":0,"123":0,"124":0,"125":0,"126":0,"127":0,"128":0,"129":0,"130":0,"131":0,"132":0,"133":0,"134":0,"135":0,"136":0,"137":0,"138":0,"139":0,"140":0,"141":0,"142":0,"143":0,"144":0,"145":0,"146":0,"147":0,"148":0,"149":0,"150":0,"151":0,"152":0,"153":0,"154":0,"155":0,"156":0,"157":0,"158":0,"159":0,"160":0,"161":0,"162":0,"163":0,"164":0,"165":0,"166":0,"167":0,"168":0,"169":0},"f":{"0":0,"1":0,"2":0,"3":0,"4":0,"5":0,"6":0,"7":0,"8":0,"9":0,"10":0,"11":0,"12":0},"b":{"0":[0,0],"1":[0,0],"2":[0,0],"3":[0,0],"4":[0,0],"5":[0,0],"6":[0,0],"7":[0,0],"8":[0,0],"9":[0,0],"10":[0,0],"11":[0,0],"12":[0,0],"13":[0,0],"14":[0,0],"15":[0,0],"16":[0,0],"17":[0,0],"18":[0,0],"19":[0,0],"20":[0,0],"21":[0,0],"22":[0,0],"23":[0,0,0],"24":[0,0],"25":[0,0,0,0],"26":[0,0],"27":[0,0],"28":[0,0],"29":[0,0],"30":[0,0],"31":[0,0],"32":[0,0],"33":[0,0],"34":[0,0],"35":[0,0],"36":[0,0],"37":[0,0],"38":[0,0],"39":[0,0],"40":[0,0],"41":[0,0],"42":[0,0],"43":[0,0],"44":[0,0],"45":[0,0],"46":[0,0],"47":[0,0],"48":[0,0],"49":[0,0],"50":[0,0],"51":[0,0],"52":[0,0],"53":[0,0],"54":[0,0],"55":[0,0],"56":[0,0],"57":[0,0],"58":[0,0],"59":[0,0],"60":[0,0],"61":[0,0],"62":[0,0],"63":[0,0],"64":[0,0],"65":[0,0],"66":[0,0],"67":[0,0],"68":[0,0]}}
,"/Users/popsieandal/Documents/GoalStreak/GoalStreakApp/src/utils/socialTestSetup.ts": {"path":"/Users/popsieandal/Documents/GoalStreak/GoalStreakApp/src/utils/socialTestSetup.ts","statementMap":{"0":{"start":{"line":2,"column":0},"end":{"line":2,"column":80}},"1":{"start":{"line":3,"column":0},"end":{"line":3,"column":42}},"2":{"start":{"line":9,"column":4},"end":{"line":9,"column":48}},"3":{"start":{"line":11,"column":25},"end":{"line":11,"column":52}},"4":{"start":{"line":12,"column":23},"end":{"line":17,"column":6}},"5":{"start":{"line":19,"column":4},"end":{"line":19,"column":61}},"6":{"start":{"line":20,"column":4},"end":{"line":20,"column":66}},"7":{"start":{"line":22,"column":4},"end":{"line":22,"column":24}},"8":{"start":{"line":27,"column":4},"end":{"line":27,"column":43}},"9":{"start":{"line":29,"column":19},"end":{"line":33,"column":6}},"10":{"start":{"line":35,"column":31},"end":{"line":35,"column":33}},"11":{"start":{"line":37,"column":4},"end":{"line":53,"column":5}},"12":{"start":{"line":38,"column":21},"end":{"line":49,"column":8}},"13":{"start":{"line":51,"column":6},"end":{"line":51,"column":31}},"14":{"start":{"line":52,"column":6},"end":{"line":52,"column":50}},"15":{"start":{"line":55,"column":4},"end":{"line":55,"column":20}},"16":{"start":{"line":60,"column":4},"end":{"line":60,"column":47}},"17":{"start":{"line":62,"column":23},"end":{"line":84,"column":6}},"18":{"start":{"line":86,"column":4},"end":{"line":89,"column":5}},"19":{"start":{"line":87,"column":6},"end":{"line":87,"column":59}},"20":{"start":{"line":88,"column":6},"end":{"line":88,"column":59}},"21":{"start":{"line":94,"column":4},"end":{"line":94,"column":61}},"22":{"start":{"line":96,"column":4},"end":{"line":107,"column":5}},"23":{"start":{"line":97,"column":27},"end":{"line":97,"column":56}},"24":{"start":{"line":98,"column":6},"end":{"line":98,"column":48}},"25":{"start":{"line":99,"column":6},"end":{"line":99,"column":52}},"26":{"start":{"line":101,"column":6},"end":{"line":101,"column":49}},"27":{"start":{"line":102,"column":6},"end":{"line":102,"column":66}},"28":{"start":{"line":103,"column":6},"end":{"line":103,"column":54}},"29":{"start":{"line":106,"column":6},"end":{"line":106,"column":39}},"30":{"start":{"line":5,"column":0},"end":{"line":5,"column":13}}},"fnMap":{"0":{"name":"(anonymous_0)","decl":{"start":{"line":8,"column":2},"end":{"line":8,"column":8}},"loc":{"start":{"line":8,"column":31},"end":{"line":23,"column":3}}},"1":{"name":"(anonymous_1)","decl":{"start":{"line":26,"column":2},"end":{"line":26,"column":8}},"loc":{"start":{"line":26,"column":46},"end":{"line":56,"column":3}}},"2":{"name":"(anonymous_2)","decl":{"start":{"line":59,"column":2},"end":{"line":59,"column":8}},"loc":{"start":{"line":59,"column":50},"end":{"line":90,"column":3}}},"3":{"name":"(anonymous_3)","decl":{"start":{"line":93,"column":2},"end":{"line":93,"column":8}},"loc":{"start":{"line":93,"column":33},"end":{"line":108,"column":3}}}},"branchMap":{},"s":{"0":0,"1":0,"2":0,"3":0,"4":0,"5":0,"6":0,"7":0,"8":0,"9":0,"10":0,"11":0,"12":0,"13":0,"14":0,"15":0,"16":0,"17":0,"18":0,"19":0,"20":0,"21":0,"22":0,"23":0,"24":0,"25":0,"26":0,"27":0,"28":0,"29":0,"30":0},"f":{"0":0,"1":0,"2":0,"3":0},"b":{}}
,"/Users/popsieandal/Documents/GoalStreak/GoalStreakApp/src/utils/testFirebase.ts": {"path":"/Users/popsieandal/Documents/GoalStreak/GoalStreakApp/src/utils/testFirebase.ts","statementMap":{"0":{"start":{"line":2,"column":0},"end":{"line":2,"column":56}},"1":{"start":{"line":3,"column":0},"end":{"line":3,"column":42}},"2":{"start":{"line":5,"column":38},"end":{"line":23,"column":1}},"3":{"start":{"line":6,"column":2},"end":{"line":22,"column":3}},"4":{"start":{"line":7,"column":4},"end":{"line":7,"column":50}},"5":{"start":{"line":10,"column":20},"end":{"line":14,"column":6}},"6":{"start":{"line":16,"column":19},"end":{"line":16,"column":64}},"7":{"start":{"line":17,"column":4},"end":{"line":17,"column":77}},"8":{"start":{"line":18,"column":4},"end":{"line":18,"column":16}},"9":{"start":{"line":20,"column":4},"end":{"line":20,"column":58}},"10":{"start":{"line":21,"column":4},"end":{"line":21,"column":17}},"11":{"start":{"line":5,"column":13},"end":{"line":5,"column":38}}},"fnMap":{"0":{"name":"(anonymous_0)","decl":{"start":{"line":5,"column":38},"end":{"line":5,"column":43}},"loc":{"start":{"line":5,"column":63},"end":{"line":23,"column":1}}}},"branchMap":{},"s":{"0":0,"1":0,"2":0,"3":0,"4":0,"5":0,"6":0,"7":0,"8":0,"9":0,"10":0,"11":0},"f":{"0":0},"b":{}}
}
