TN:
SF:src/components/ActivityCard.tsx
FN:13,ActivityCard
FN:14,(anonymous_1)
FN:31,(anonymous_2)
FN:48,(anonymous_3)
FN:81,(anonymous_4)
FN:98,(anonymous_5)
FN:101,(anonymous_6)
FNF:7
FNH:0
FNDA:0,ActivityCard
FNDA:0,(anonymous_1)
FNDA:0,(anonymous_2)
FNDA:0,(anonymous_3)
FNDA:0,(anonymous_4)
FNDA:0,(anonymous_5)
FNDA:0,(anonymous_6)
DA:3,0
DA:4,0
DA:5,0
DA:7,0
DA:13,0
DA:14,0
DA:15,0
DA:17,0
DA:19,0
DA:21,0
DA:23,0
DA:25,0
DA:27,0
DA:31,0
DA:32,0
DA:34,0
DA:36,0
DA:38,0
DA:40,0
DA:42,0
DA:44,0
DA:48,0
DA:49,0
DA:52,0
DA:53,0
DA:54,0
DA:55,0
DA:57,0
DA:59,0
DA:60,0
DA:62,0
DA:65,0
DA:68,0
DA:71,0
DA:74,0
DA:77,0
DA:81,0
DA:82,0
DA:83,0
DA:85,0
DA:86,0
DA:88,0
DA:89,0
DA:91,0
DA:92,0
DA:94,0
DA:95,0
DA:98,0
DA:99,0
DA:101,0
DA:107,0
DA:167,0
LF:52
LH:0
BRDA:15,0,0,0
BRDA:15,0,1,0
BRDA:15,0,2,0
BRDA:15,0,3,0
BRDA:15,0,4,0
BRDA:15,0,5,0
BRDA:32,1,0,0
BRDA:32,1,1,0
BRDA:32,1,2,0
BRDA:32,1,3,0
BRDA:32,1,4,0
BRDA:32,1,5,0
BRDA:52,2,0,0
BRDA:52,2,1,0
BRDA:53,3,0,0
BRDA:53,3,1,0
BRDA:54,4,0,0
BRDA:54,4,1,0
BRDA:55,5,0,0
BRDA:55,5,1,0
BRDA:57,6,0,0
BRDA:57,6,1,0
BRDA:57,6,2,0
BRDA:57,6,3,0
BRDA:57,6,4,0
BRDA:57,6,5,0
BRDA:59,7,0,0
BRDA:59,7,1,0
BRDA:85,8,0,0
BRDA:85,8,1,0
BRDA:86,9,0,0
BRDA:86,9,1,0
BRDA:89,10,0,0
BRDA:89,10,1,0
BRDA:92,11,0,0
BRDA:92,11,1,0
BRDA:149,12,0,0
BRDA:149,12,1,0
BRDA:149,12,2,0
BRDA:157,13,0,0
BRDA:157,13,1,0
BRF:41
BRH:0
end_of_record
TN:
SF:src/components/AddFriendModal.tsx
FN:21,AddFriendModal
FN:30,(anonymous_1)
FN:51,(anonymous_2)
FNF:3
FNH:0
FNDA:0,AddFriendModal
FNDA:0,(anonymous_1)
FNDA:0,(anonymous_2)
DA:1,0
DA:2,0
DA:11,0
DA:12,0
DA:21,0
DA:27,0
DA:28,0
DA:30,0
DA:31,0
DA:32,0
DA:33,0
DA:36,0
DA:37,0
DA:38,0
DA:41,0
DA:42,0
DA:43,0
DA:44,0
DA:45,0
DA:51,0
DA:52,0
DA:53,0
DA:54,0
DA:57,0
DA:118,0
LF:25
LH:0
BRDA:31,0,0,0
BRDA:31,0,1,0
BRDA:36,1,0,0
BRDA:36,1,1,0
BRDA:71,2,0,0
BRDA:71,2,1,0
BRDA:75,3,0,0
BRDA:75,3,1,0
BRDA:75,3,2,0
BRDA:77,4,0,0
BRDA:77,4,1,0
BRF:11
BRH:0
end_of_record
TN:
SF:src/components/Button.tsx
FN:6,Button
FN:28,(anonymous_1)
FNF:2
FNH:0
FNDA:0,Button
FNDA:0,(anonymous_1)
DA:2,0
DA:3,0
DA:6,0
DA:14,0
DA:21,0
DA:28,0
DA:29,0
DA:30,0
DA:34,0
DA:62,0
LF:10
LH:0
BRDA:9,0,0,0
BRDA:10,1,0,0
BRDA:11,2,0,0
BRDA:12,3,0,0
BRDA:18,4,0,0
BRDA:18,4,1,0
BRDA:18,4,2,0
BRDA:25,5,0,0
BRDA:25,5,1,0
BRDA:25,5,2,0
BRDA:29,6,0,0
BRDA:29,6,1,0
BRDA:29,7,0,0
BRDA:29,7,1,0
BRDA:29,7,2,0
BRDA:38,8,0,0
BRDA:38,8,1,0
BRDA:45,9,0,0
BRDA:45,9,1,0
BRDA:49,10,0,0
BRDA:49,10,1,0
BRDA:51,11,0,0
BRDA:51,11,1,0
BRF:23
BRH:0
end_of_record
TN:
SF:src/components/EmptyHabitsState.tsx
FN:11,EmptyHabitsState
FNF:1
FNH:0
FNDA:0,EmptyHabitsState
DA:2,0
DA:3,0
DA:4,0
DA:5,0
DA:11,0
DA:12,0
DA:66,0
LF:7
LH:0
BRF:0
BRH:0
end_of_record
TN:
SF:src/components/ErrorBoundary.tsx
FN:17,(anonymous_0)
FN:22,(anonymous_1)
FN:26,(anonymous_2)
FN:33,(anonymous_3)
FN:37,(anonymous_4)
FNF:5
FNH:0
FNDA:0,(anonymous_0)
FNDA:0,(anonymous_1)
FNDA:0,(anonymous_2)
FNDA:0,(anonymous_3)
FNDA:0,(anonymous_4)
DA:1,0
DA:2,0
DA:3,0
DA:4,0
DA:16,0
DA:18,0
DA:19,0
DA:23,0
DA:27,0
DA:33,0
DA:34,0
DA:38,0
DA:39,0
DA:40,0
DA:43,0
DA:70,0
DA:74,0
LF:17
LH:0
BRDA:38,0,0,0
BRDA:38,0,1,0
BRDA:39,1,0,0
BRDA:39,1,1,0
BRDA:59,2,0,0
BRDA:59,2,1,0
BRDA:59,2,2,0
BRF:7
BRH:0
end_of_record
TN:
SF:src/components/FriendsTab.tsx
FN:16,FriendsTab
FN:29,(anonymous_2)
FN:41,(anonymous_3)
FN:47,(anonymous_4)
FN:63,(anonymous_5)
FN:68,(anonymous_6)
FNF:6
FNH:0
FNDA:0,FriendsTab
FNDA:0,(anonymous_2)
FNDA:0,(anonymous_3)
FNDA:0,(anonymous_4)
FNDA:0,(anonymous_5)
FNDA:0,(anonymous_6)
DA:2,0
DA:4,0
DA:6,0
DA:16,0
DA:23,0
DA:30,0
DA:41,0
DA:47,0
DA:64,0
DA:68,0
DA:77,0
LF:11
LH:0
BRDA:26,0,0,0
BRDA:26,0,1,0
BRDA:34,1,0,0
BRDA:34,1,1,0
BRDA:58,2,0,0
BRDA:58,2,1,0
BRDA:60,3,0,0
BRDA:60,3,1,0
BRF:8
BRH:0
end_of_record
TN:
SF:src/components/HabitCard.tsx
FN:19,HabitCard
FN:30,(anonymous_1)
FN:47,(anonymous_2)
FN:60,(anonymous_3)
FN:69,(anonymous_4)
FNF:5
FNH:0
FNDA:0,HabitCard
FNDA:0,(anonymous_1)
FNDA:0,(anonymous_2)
FNDA:0,(anonymous_3)
FNDA:0,(anonymous_4)
DA:2,0
DA:3,0
DA:4,0
DA:6,0
DA:19,0
DA:30,0
DA:31,0
DA:33,0
DA:34,0
DA:43,0
DA:47,0
DA:48,0
DA:50,0
DA:60,0
DA:61,0
DA:62,0
DA:63,0
DA:64,0
DA:65,0
DA:69,0
DA:70,0
DA:71,0
DA:73,0
DA:76,0
DA:194,0
LF:25
LH:0
BRDA:23,0,0,0
BRDA:31,1,0,0
BRDA:31,1,1,0
BRDA:33,2,0,0
BRDA:33,2,1,0
BRDA:48,3,0,0
BRDA:48,3,1,0
BRDA:61,4,0,0
BRDA:61,4,1,0
BRDA:61,4,2,0
BRDA:61,4,3,0
BRDA:70,5,0,0
BRDA:70,5,1,0
BRDA:70,6,0,0
BRDA:70,6,1,0
BRDA:78,7,0,0
BRDA:78,7,1,0
BRDA:92,8,0,0
BRDA:92,8,1,0
BRDA:97,9,0,0
BRDA:97,9,1,0
BRDA:109,10,0,0
BRDA:109,10,1,0
BRDA:121,11,0,0
BRDA:121,11,1,0
BRDA:137,12,0,0
BRDA:137,12,1,0
BRDA:142,13,0,0
BRDA:142,13,1,0
BRDA:147,14,0,0
BRDA:147,14,1,0
BRDA:150,15,0,0
BRDA:150,15,1,0
BRDA:165,16,0,0
BRDA:165,16,1,0
BRDA:166,17,0,0
BRDA:166,17,1,0
BRDA:173,18,0,0
BRDA:173,18,1,0
BRDA:173,19,0,0
BRDA:173,19,1,0
BRDA:176,20,0,0
BRDA:176,20,1,0
BRDA:180,21,0,0
BRDA:180,21,1,0
BRDA:186,22,0,0
BRDA:186,22,1,0
BRDA:186,23,0,0
BRDA:186,23,1,0
BRF:49
BRH:0
end_of_record
TN:
SF:src/components/IconPicker.tsx
FN:72,IconPicker
FN:73,(anonymous_1)
FN:86,(anonymous_2)
FN:91,(anonymous_3)
FN:92,(anonymous_4)
FN:99,(anonymous_5)
FNF:6
FNH:0
FNDA:0,IconPicker
FNDA:0,(anonymous_1)
FNDA:0,(anonymous_2)
FNDA:0,(anonymous_3)
FNDA:0,(anonymous_4)
FNDA:0,(anonymous_5)
DA:2,0
DA:3,0
DA:4,0
DA:13,0
DA:72,0
DA:73,0
DA:75,0
DA:87,0
DA:91,0
DA:93,0
DA:99,0
DA:117,0
LF:12
LH:0
BRDA:97,0,0,0
BRDA:97,0,1,0
BRDA:104,1,0,0
BRDA:104,1,1,0
BRF:4
BRH:0
end_of_record
TN:
SF:src/components/Input.tsx
FN:7,Input
FN:26,(anonymous_1)
FN:61,(anonymous_2)
FN:62,(anonymous_3)
FN:81,(anonymous_4)
FNF:5
FNH:0
FNDA:0,Input
FNDA:0,(anonymous_1)
FNDA:0,(anonymous_2)
FNDA:0,(anonymous_3)
FNDA:0,(anonymous_4)
DA:1,0
DA:2,0
DA:3,0
DA:4,0
DA:7,0
DA:18,0
DA:19,0
DA:20,0
DA:22,0
DA:23,0
DA:26,0
DA:27,0
DA:28,0
DA:32,0
DA:61,0
DA:62,0
DA:81,0
DA:101,0
LF:18
LH:0
BRDA:12,0,0,0
BRDA:14,1,0,0
BRDA:15,2,0,0
BRDA:22,3,0,0
BRDA:22,3,1,0
BRDA:27,4,0,0
BRDA:27,4,1,0
BRDA:27,5,0,0
BRDA:27,5,1,0
BRDA:34,6,0,0
BRDA:34,6,1,0
BRDA:39,7,0,0
BRDA:39,7,1,0
BRDA:40,8,0,0
BRDA:40,8,1,0
BRDA:41,9,0,0
BRDA:41,9,1,0
BRDA:42,10,0,0
BRDA:42,10,1,0
BRDA:52,11,0,0
BRDA:52,11,1,0
BRDA:53,12,0,0
BRDA:53,12,1,0
BRDA:64,13,0,0
BRDA:64,13,1,0
BRDA:68,14,0,0
BRDA:68,14,1,0
BRDA:71,15,0,0
BRDA:71,15,1,0
BRDA:78,16,0,0
BRDA:78,16,1,0
BRDA:85,17,0,0
BRDA:85,17,1,0
BRDA:88,18,0,0
BRDA:88,18,1,0
BRDA:96,19,0,0
BRDA:96,19,1,0
BRF:37
BRH:0
end_of_record
TN:
SF:src/components/InsightsCard.tsx
FN:13,InsightsCard
FN:14,(anonymous_1)
FN:29,(anonymous_2)
FN:44,(anonymous_3)
FN:59,(anonymous_4)
FNF:5
FNH:0
FNDA:0,InsightsCard
FNDA:0,(anonymous_1)
FNDA:0,(anonymous_2)
FNDA:0,(anonymous_3)
FNDA:0,(anonymous_4)
DA:3,0
DA:4,0
DA:5,0
DA:13,0
DA:14,0
DA:15,0
DA:17,0
DA:19,0
DA:21,0
DA:23,0
DA:25,0
DA:29,0
DA:30,0
DA:32,0
DA:34,0
DA:36,0
DA:38,0
DA:40,0
DA:44,0
DA:45,0
DA:47,0
DA:49,0
DA:51,0
DA:53,0
DA:55,0
DA:59,0
DA:60,0
DA:62,0
DA:64,0
DA:66,0
DA:68,0
DA:72,0
DA:121,0
LF:33
LH:0
BRDA:15,0,0,0
BRDA:15,0,1,0
BRDA:15,0,2,0
BRDA:15,0,3,0
BRDA:15,0,4,0
BRDA:30,1,0,0
BRDA:30,1,1,0
BRDA:30,1,2,0
BRDA:30,1,3,0
BRDA:30,1,4,0
BRDA:45,2,0,0
BRDA:45,2,1,0
BRDA:47,3,0,0
BRDA:47,3,1,0
BRDA:47,3,2,0
BRDA:47,3,3,0
BRDA:60,4,0,0
BRDA:60,4,1,0
BRDA:60,4,2,0
BRDA:60,4,3,0
BRDA:76,5,0,0
BRDA:76,5,1,0
BRDA:90,6,0,0
BRDA:90,6,1,0
BRDA:95,7,0,0
BRDA:95,7,1,0
BRDA:112,8,0,0
BRDA:112,8,1,0
BRF:28
BRH:0
end_of_record
TN:
SF:src/components/OfflineBanner.tsx
FN:11,OfflineBanner
FNF:1
FNH:0
FNDA:0,OfflineBanner
DA:2,0
DA:3,0
DA:4,0
DA:5,0
DA:11,0
DA:12,0
DA:14,0
DA:26,0
LF:8
LH:0
BRDA:12,0,0,0
BRDA:12,0,1,0
BRF:2
BRH:0
end_of_record
TN:
SF:src/components/ProgressChart.tsx
FN:14,ProgressChart
FN:23,(anonymous_1)
FN:29,(anonymous_2)
FN:30,(anonymous_3)
FN:41,(anonymous_4)
FN:42,(anonymous_5)
FN:101,(anonymous_6)
FN:108,(anonymous_7)
FN:115,(anonymous_8)
FNF:9
FNH:0
FNDA:0,ProgressChart
FNDA:0,(anonymous_1)
FNDA:0,(anonymous_2)
FNDA:0,(anonymous_3)
FNDA:0,(anonymous_4)
FNDA:0,(anonymous_5)
FNDA:0,(anonymous_6)
FNDA:0,(anonymous_7)
FNDA:0,(anonymous_8)
DA:3,0
DA:4,0
DA:5,0
DA:14,0
DA:19,0
DA:22,0
DA:24,0
DA:25,0
DA:29,0
DA:30,0
DA:36,0
DA:41,0
DA:42,0
DA:63,0
DA:64,0
DA:75,0
DA:101,0
DA:108,0
DA:115,0
DA:124,0
LF:20
LH:0
BRDA:16,0,0,0
BRDA:17,1,0,0
BRDA:30,2,0,0
BRDA:41,3,0,0
BRDA:42,4,0,0
BRDA:63,5,0,0
BRDA:63,5,1,0
BRF:7
BRH:0
end_of_record
TN:
SF:src/components/SimpleInput.tsx
FN:17,SimpleInput
FNF:1
FNH:0
FNDA:0,SimpleInput
DA:2,0
DA:3,0
DA:17,0
DA:28,0
DA:54,0
LF:5
LH:0
BRDA:22,0,0,0
BRDA:24,1,0,0
BRDA:25,2,0,0
BRDA:26,3,0,0
BRDA:30,4,0,0
BRDA:30,4,1,0
BRDA:35,5,0,0
BRDA:35,5,1,0
BRDA:36,6,0,0
BRDA:36,6,1,0
BRDA:46,7,0,0
BRDA:46,7,1,0
BRDA:49,8,0,0
BRDA:49,8,1,0
BRF:14
BRH:0
end_of_record
TN:
SF:src/components/SkeletonHabitCard.tsx
FN:11,SkeletonHabitCard
FN:14,(anonymous_10)
FN:22,(anonymous_11)
FNF:3
FNH:0
FNDA:0,SkeletonHabitCard
FNDA:0,(anonymous_10)
FNDA:0,(anonymous_11)
DA:1,0
DA:2,0
DA:3,0
DA:9,0
DA:11,0
DA:12,0
DA:14,0
DA:15,0
DA:22,0
DA:26,0
DA:35,0
LF:11
LH:0
BRF:0
BRH:0
end_of_record
TN:
SF:src/components/SocialTestButton.tsx
FN:7,SocialTestButton
FN:9,(anonymous_1)
FN:18,(anonymous_2)
FNF:3
FNH:0
FNDA:0,SocialTestButton
FNDA:0,(anonymous_1)
FNDA:0,(anonymous_2)
DA:3,0
DA:4,0
DA:5,0
DA:7,0
DA:9,0
DA:10,0
DA:11,0
DA:19,0
DA:20,0
DA:26,0
DA:27,0
DA:31,0
DA:38,0
LF:13
LH:0
BRF:0
BRH:0
end_of_record
TN:
SF:src/components/StatsOverview.tsx
FN:14,StatsOverview
FN:19,(anonymous_1)
FN:30,(anonymous_2)
FN:36,(anonymous_3)
FN:47,(anonymous_4)
FN:110,(anonymous_5)
FNF:6
FNH:0
FNDA:0,StatsOverview
FNDA:0,(anonymous_1)
FNDA:0,(anonymous_2)
FNDA:0,(anonymous_3)
FNDA:0,(anonymous_4)
FNDA:0,(anonymous_5)
DA:3,0
DA:4,0
DA:5,0
DA:14,0
DA:19,0
DA:20,0
DA:22,0
DA:24,0
DA:26,0
DA:30,0
DA:31,0
DA:36,0
DA:47,0
DA:53,0
DA:62,0
DA:111,0
DA:128,0
LF:17
LH:0
BRDA:20,0,0,0
BRDA:20,0,1,0
BRDA:20,0,2,0
BRDA:34,1,0,0
BRDA:34,1,1,0
BRDA:40,2,0,0
BRDA:40,2,1,0
BRDA:51,3,0,0
BRDA:106,4,0,0
BRDA:106,4,1,0
BRF:10
BRH:0
end_of_record
TN:
SF:src/constants/limits.ts
FNF:0
FNH:0
DA:2,0
DA:11,0
LF:2
LH:0
BRF:0
BRH:0
end_of_record
TN:
SF:src/constants/theme.ts
FNF:0
FNH:0
DA:3,0
DA:33,0
DA:111,0
DA:125,0
DA:134,0
DA:158,0
DA:180,0
DA:189,0
LF:8
LH:0
BRF:0
BRH:0
end_of_record
TN:
SF:src/contexts/ThemeContext.tsx
FN:23,ThemeProvider
FN:32,(anonymous_2)
FN:33,(anonymous_3)
FN:48,(anonymous_4)
FN:58,(anonymous_5)
FN:77,useTheme
FNF:6
FNH:0
FNDA:0,ThemeProvider
FNDA:0,(anonymous_2)
FNDA:0,(anonymous_3)
FNDA:0,(anonymous_4)
FNDA:0,(anonymous_5)
FNDA:0,useTheme
DA:2,0
DA:3,0
DA:4,0
DA:15,0
DA:17,0
DA:23,0
DA:24,0
DA:25,0
DA:28,0
DA:32,0
DA:33,0
DA:34,0
DA:35,0
DA:36,0
DA:37,0
DA:40,0
DA:44,0
DA:48,0
DA:49,0
DA:50,0
DA:51,0
DA:53,0
DA:58,0
DA:59,0
DA:60,0
DA:63,0
DA:70,0
DA:77,0
DA:78,0
DA:79,0
DA:80,0
DA:82,0
DA:85,0
LF:33
LH:0
BRDA:28,0,0,0
BRDA:28,0,1,0
BRDA:28,0,2,0
BRDA:36,1,0,0
BRDA:36,1,1,0
BRDA:36,2,0,0
BRDA:36,2,1,0
BRDA:59,3,0,0
BRDA:59,3,1,0
BRDA:79,4,0,0
BRDA:79,4,1,0
BRF:11
BRH:0
end_of_record
TN:
SF:src/hooks/useAnalytics.ts
FN:37,(anonymous_1)
FN:58,(anonymous_2)
FN:75,(anonymous_3)
FN:95,(anonymous_4)
FN:112,(anonymous_5)
FN:129,(anonymous_6)
FN:139,(anonymous_7)
FN:145,(anonymous_8)
FN:152,(anonymous_9)
FN:166,(anonymous_10)
FNF:10
FNH:0
FNDA:0,(anonymous_1)
FNDA:0,(anonymous_2)
FNDA:0,(anonymous_3)
FNDA:0,(anonymous_4)
FNDA:0,(anonymous_5)
FNDA:0,(anonymous_6)
FNDA:0,(anonymous_7)
FNDA:0,(anonymous_8)
FNDA:0,(anonymous_9)
FNDA:0,(anonymous_10)
DA:2,0
DA:3,0
DA:4,0
DA:37,0
DA:38,0
DA:41,0
DA:42,0
DA:43,0
DA:44,0
DA:45,0
DA:46,0
DA:49,0
DA:50,0
DA:51,0
DA:54,0
DA:55,0
DA:58,0
DA:59,0
DA:61,0
DA:63,0
DA:64,0
DA:65,0
DA:67,0
DA:68,0
DA:70,0
DA:75,0
DA:76,0
DA:78,0
DA:79,0
DA:85,0
DA:86,0
DA:87,0
DA:89,0
DA:90,0
DA:95,0
DA:96,0
DA:98,0
DA:100,0
DA:101,0
DA:102,0
DA:104,0
DA:105,0
DA:107,0
DA:112,0
DA:113,0
DA:115,0
DA:117,0
DA:118,0
DA:119,0
DA:121,0
DA:122,0
DA:124,0
DA:129,0
DA:131,0
DA:133,0
DA:139,0
DA:141,0
DA:142,0
DA:145,0
DA:147,0
DA:148,0
DA:152,0
DA:153,0
DA:155,0
DA:157,0
DA:159,0
DA:161,0
DA:166,0
DA:167,0
DA:168,0
DA:169,0
DA:170,0
DA:174,0
DA:201,0
LF:74
LH:0
BRDA:59,0,0,0
BRDA:59,0,1,0
BRDA:76,1,0,0
BRDA:76,1,1,0
BRDA:95,2,0,0
BRDA:96,3,0,0
BRDA:96,3,1,0
BRDA:113,4,0,0
BRDA:113,4,1,0
BRDA:153,5,0,0
BRDA:153,5,1,0
BRDA:153,5,2,0
BRDA:153,5,3,0
BRDA:167,6,0,0
BRDA:167,6,1,0
BRF:15
BRH:0
end_of_record
TN:
SF:src/hooks/useAuth.tsx
FN:29,AuthProvider
FN:36,(anonymous_2)
FN:47,(anonymous_3)
FN:88,(anonymous_4)
FN:100,(anonymous_5)
FN:128,(anonymous_6)
FN:140,(anonymous_7)
FN:152,(anonymous_8)
FN:165,(anonymous_9)
FN:192,useAuth
FNF:10
FNH:0
FNDA:0,AuthProvider
FNDA:0,(anonymous_2)
FNDA:0,(anonymous_3)
FNDA:0,(anonymous_4)
FNDA:0,(anonymous_5)
FNDA:0,(anonymous_6)
FNDA:0,(anonymous_7)
FNDA:0,(anonymous_8)
FNDA:0,(anonymous_9)
FNDA:0,useAuth
DA:1,0
DA:2,0
DA:11,0
DA:12,0
DA:14,0
DA:27,0
DA:29,0
DA:30,0
DA:36,0
DA:37,0
DA:39,0
DA:44,0
DA:47,0
DA:48,0
DA:49,0
DA:51,0
DA:52,0
DA:54,0
DA:63,0
DA:69,0
DA:70,0
DA:77,0
DA:85,0
DA:88,0
DA:89,0
DA:90,0
DA:93,0
DA:94,0
DA:96,0
DA:100,0
DA:101,0
DA:102,0
DA:105,0
DA:106,0
DA:109,0
DA:112,0
DA:119,0
DA:122,0
DA:124,0
DA:128,0
DA:129,0
DA:130,0
DA:133,0
DA:134,0
DA:136,0
DA:140,0
DA:141,0
DA:142,0
DA:145,0
DA:146,0
DA:148,0
DA:152,0
DA:153,0
DA:154,0
DA:157,0
DA:158,0
DA:159,0
DA:165,0
DA:170,0
DA:174,0
DA:185,0
DA:192,0
DA:193,0
DA:194,0
DA:195,0
DA:197,0
LF:66
LH:0
BRDA:37,0,0,0
BRDA:37,0,1,0
BRDA:48,1,0,0
BRDA:48,1,1,0
BRDA:56,2,0,0
BRDA:56,2,1,0
BRDA:57,3,0,0
BRDA:57,3,1,0
BRDA:57,3,2,0
BRDA:58,4,0,0
BRDA:58,4,1,0
BRDA:59,5,0,0
BRDA:59,5,1,0
BRDA:60,6,0,0
BRDA:60,6,1,0
BRDA:89,7,0,0
BRDA:89,7,1,0
BRDA:96,8,0,0
BRDA:96,8,1,0
BRDA:101,9,0,0
BRDA:101,9,1,0
BRDA:124,10,0,0
BRDA:124,10,1,0
BRDA:129,11,0,0
BRDA:129,11,1,0
BRDA:136,12,0,0
BRDA:136,12,1,0
BRDA:141,13,0,0
BRDA:141,13,1,0
BRDA:148,14,0,0
BRDA:148,14,1,0
BRDA:153,15,0,0
BRDA:153,15,1,0
BRDA:153,16,0,0
BRDA:153,16,1,0
BRDA:167,17,0,0
BRDA:167,17,1,0
BRDA:170,18,0,0
BRDA:170,18,1,0
BRDA:194,19,0,0
BRDA:194,19,1,0
BRF:41
BRH:0
end_of_record
TN:
SF:src/hooks/useFonts.ts
FN:11,useAppFonts
FNF:1
FNH:0
FNDA:0,useAppFonts
DA:1,0
DA:2,0
DA:11,0
DA:12,0
DA:21,0
LF:5
LH:0
BRF:0
BRH:0
end_of_record
TN:
SF:src/hooks/useFriends.ts
FN:49,(anonymous_1)
FN:72,(anonymous_2)
FN:92,(anonymous_3)
FN:112,(anonymous_4)
FN:131,(anonymous_5)
FN:149,(anonymous_6)
FN:167,(anonymous_7)
FN:185,(anonymous_8)
FN:189,(anonymous_9)
FN:208,(anonymous_10)
FN:213,(anonymous_11)
FN:217,(anonymous_12)
FN:227,(anonymous_13)
FN:231,(anonymous_14)
FN:244,(anonymous_15)
FN:267,(anonymous_16)
FN:291,(anonymous_17)
FNF:17
FNH:0
FNDA:0,(anonymous_1)
FNDA:0,(anonymous_2)
FNDA:0,(anonymous_3)
FNDA:0,(anonymous_4)
FNDA:0,(anonymous_5)
FNDA:0,(anonymous_6)
FNDA:0,(anonymous_7)
FNDA:0,(anonymous_8)
FNDA:0,(anonymous_9)
FNDA:0,(anonymous_10)
FNDA:0,(anonymous_11)
FNDA:0,(anonymous_12)
FNDA:0,(anonymous_13)
FNDA:0,(anonymous_14)
FNDA:0,(anonymous_15)
FNDA:0,(anonymous_16)
FNDA:0,(anonymous_17)
DA:2,0
DA:3,0
DA:4,0
DA:49,0
DA:50,0
DA:53,0
DA:54,0
DA:55,0
DA:56,0
DA:57,0
DA:60,0
DA:61,0
DA:62,0
DA:63,0
DA:66,0
DA:69,0
DA:72,0
DA:73,0
DA:75,0
DA:76,0
DA:78,0
DA:79,0
DA:80,0
DA:81,0
DA:82,0
DA:84,0
DA:85,0
DA:87,0
DA:92,0
DA:93,0
DA:95,0
DA:107,0
DA:112,0
DA:113,0
DA:115,0
DA:116,0
DA:118,0
DA:119,0
DA:121,0
DA:123,0
DA:124,0
DA:125,0
DA:127,0
DA:131,0
DA:132,0
DA:134,0
DA:135,0
DA:137,0
DA:138,0
DA:139,0
DA:141,0
DA:142,0
DA:143,0
DA:145,0
DA:149,0
DA:150,0
DA:152,0
DA:153,0
DA:155,0
DA:156,0
DA:157,0
DA:159,0
DA:160,0
DA:161,0
DA:163,0
DA:167,0
DA:168,0
DA:170,0
DA:171,0
DA:173,0
DA:174,0
DA:175,0
DA:177,0
DA:178,0
DA:179,0
DA:181,0
DA:185,0
DA:186,0
DA:189,0
DA:190,0
DA:192,0
DA:193,0
DA:195,0
DA:196,0
DA:197,0
DA:198,0
DA:200,0
DA:201,0
DA:203,0
DA:208,0
DA:209,0
DA:211,0
DA:214,0
DA:215,0
DA:218,0
DA:219,0
DA:220,0
DA:224,0
DA:227,0
DA:231,0
DA:232,0
DA:234,0
DA:235,0
DA:236,0
DA:237,0
DA:239,0
DA:240,0
DA:244,0
DA:250,0
DA:252,0
DA:253,0
DA:263,0
DA:267,0
DA:273,0
DA:275,0
DA:276,0
DA:286,0
DA:291,0
DA:292,0
DA:293,0
DA:294,0
DA:297,0
DA:298,0
DA:299,0
DA:301,0
DA:305,0
DA:342,0
LF:127
LH:0
BRDA:73,0,0,0
BRDA:73,0,1,0
BRDA:93,1,0,0
BRDA:93,1,1,0
BRDA:113,2,0,0
BRDA:113,2,1,0
BRDA:132,3,0,0
BRDA:132,3,1,0
BRDA:150,4,0,0
BRDA:150,4,1,0
BRDA:168,5,0,0
BRDA:168,5,1,0
BRDA:190,6,0,0
BRDA:190,6,1,0
BRDA:209,7,0,0
BRDA:209,7,1,0
BRDA:232,8,0,0
BRDA:232,8,1,0
BRDA:250,9,0,0
BRDA:250,9,1,0
BRDA:250,10,0,0
BRDA:250,10,1,0
BRDA:273,11,0,0
BRDA:273,11,1,0
BRDA:273,12,0,0
BRDA:273,12,1,0
BRDA:292,13,0,0
BRDA:292,13,1,0
BRF:28
BRH:0
end_of_record
TN:
SF:src/hooks/useHabits.tsx
FN:32,useHabits
FN:46,(anonymous_1)
FN:67,(anonymous_2)
FN:92,(anonymous_3)
FN:97,(anonymous_4)
FN:100,(anonymous_5)
FN:108,(anonymous_6)
FN:131,(anonymous_7)
FN:142,(anonymous_8)
FN:146,(anonymous_9)
FN:146,(anonymous_10)
FN:147,(anonymous_11)
FN:152,(anonymous_12)
FN:164,(anonymous_13)
FN:178,(anonymous_14)
FN:182,(anonymous_15)
FN:193,(anonymous_16)
FN:201,(anonymous_17)
FN:209,(anonymous_18)
FN:220,(anonymous_19)
FN:225,(anonymous_20)
FN:240,(anonymous_21)
FN:244,(anonymous_22)
FNF:23
FNH:0
FNDA:0,useHabits
FNDA:0,(anonymous_1)
FNDA:0,(anonymous_2)
FNDA:0,(anonymous_3)
FNDA:0,(anonymous_4)
FNDA:0,(anonymous_5)
FNDA:0,(anonymous_6)
FNDA:0,(anonymous_7)
FNDA:0,(anonymous_8)
FNDA:0,(anonymous_9)
FNDA:0,(anonymous_10)
FNDA:0,(anonymous_11)
FNDA:0,(anonymous_12)
FNDA:0,(anonymous_13)
FNDA:0,(anonymous_14)
FNDA:0,(anonymous_15)
FNDA:0,(anonymous_16)
FNDA:0,(anonymous_17)
FNDA:0,(anonymous_18)
FNDA:0,(anonymous_19)
FNDA:0,(anonymous_20)
FNDA:0,(anonymous_21)
FNDA:0,(anonymous_22)
DA:1,0
DA:2,0
DA:3,0
DA:5,0
DA:32,0
DA:33,0
DA:36,0
DA:37,0
DA:38,0
DA:41,0
DA:42,0
DA:43,0
DA:46,0
DA:47,0
DA:48,0
DA:49,0
DA:50,0
DA:51,0
DA:52,0
DA:55,0
DA:56,0
DA:59,0
DA:60,0
DA:63,0
DA:64,0
DA:66,0
DA:69,0
DA:70,0
DA:71,0
DA:75,0
DA:76,0
DA:77,0
DA:82,0
DA:83,0
DA:85,0
DA:87,0
DA:92,0
DA:93,0
DA:97,0
DA:98,0
DA:100,0
DA:101,0
DA:104,0
DA:108,0
DA:109,0
DA:110,0
DA:114,0
DA:115,0
DA:118,0
DA:119,0
DA:120,0
DA:121,0
DA:123,0
DA:124,0
DA:126,0
DA:131,0
DA:132,0
DA:133,0
DA:136,0
DA:137,0
DA:142,0
DA:143,0
DA:144,0
DA:146,0
DA:147,0
DA:148,0
DA:149,0
DA:150,0
DA:152,0
DA:153,0
DA:154,0
DA:155,0
DA:158,0
DA:159,0
DA:164,0
DA:165,0
DA:167,0
DA:168,0
DA:169,0
DA:172,0
DA:177,0
DA:178,0
DA:181,0
DA:182,0
DA:185,0
DA:186,0
DA:188,0
DA:193,0
DA:194,0
DA:196,0
DA:197,0
DA:198,0
DA:201,0
DA:202,0
DA:203,0
DA:204,0
DA:207,0
DA:208,0
DA:209,0
DA:212,0
DA:213,0
DA:215,0
DA:220,0
DA:221,0
DA:225,0
DA:226,0
DA:227,0
DA:230,0
DA:231,0
DA:232,0
DA:234,0
DA:235,0
DA:240,0
DA:241,0
DA:244,0
DA:245,0
DA:248,0
LF:117
LH:0
BRDA:47,0,0,0
BRDA:47,0,1,0
BRDA:70,1,0,0
BRDA:70,1,1,0
BRDA:76,2,0,0
BRDA:76,2,1,0
BRDA:98,3,0,0
BRDA:98,3,1,0
BRDA:109,4,0,0
BRDA:109,4,1,0
BRDA:114,5,0,0
BRDA:114,5,1,0
BRDA:165,6,0,0
BRDA:165,6,1,0
BRDA:177,7,0,0
BRDA:177,7,1,0
BRDA:181,8,0,0
BRDA:181,8,1,0
BRDA:194,9,0,0
BRDA:194,9,1,0
BRDA:208,10,0,0
BRDA:208,10,1,0
BRDA:226,11,0,0
BRDA:226,11,1,0
BRDA:245,12,0,0
BRDA:245,12,1,0
BRF:26
BRH:0
end_of_record
TN:
SF:src/hooks/useHabitsWithSocial.ts
FN:6,(anonymous_0)
FN:11,(anonymous_1)
FN:23,(anonymous_2)
FN:45,(anonymous_3)
FNF:4
FNH:0
FNDA:0,(anonymous_0)
FNDA:0,(anonymous_1)
FNDA:0,(anonymous_2)
FNDA:0,(anonymous_3)
DA:2,0
DA:3,0
DA:4,0
DA:6,0
DA:7,0
DA:8,0
DA:11,0
DA:17,0
DA:20,0
DA:21,0
DA:23,0
DA:24,0
DA:26,0
DA:29,0
DA:32,0
DA:33,0
DA:34,0
DA:35,0
DA:40,0
DA:45,0
DA:46,0
DA:49,0
DA:50,0
DA:53,0
DA:56,0
DA:64,0
LF:26
LH:0
BRDA:21,0,0,0
BRDA:21,0,1,0
BRDA:24,1,0,0
BRDA:24,1,1,0
BRDA:24,2,0,0
BRDA:24,2,1,0
BRDA:29,3,0,0
BRDA:29,3,1,0
BRDA:32,4,0,0
BRDA:32,4,1,0
BRDA:32,5,0,0
BRDA:32,5,1,0
BRDA:34,6,0,0
BRDA:34,6,1,0
BRDA:34,7,0,0
BRDA:34,7,1,0
BRDA:34,7,2,0
BRDA:34,7,3,0
BRDA:40,8,0,0
BRDA:40,8,1,0
BRDA:49,9,0,0
BRDA:49,9,1,0
BRDA:49,10,0,0
BRDA:49,10,1,0
BRF:24
BRH:0
end_of_record
TN:
SF:src/hooks/useNetworkStatus.ts
FN:10,useNetworkStatus
FN:17,(anonymous_2)
FN:19,(anonymous_3)
FN:28,(anonymous_4)
FN:36,(anonymous_5)
FNF:5
FNH:0
FNDA:0,useNetworkStatus
FNDA:0,(anonymous_2)
FNDA:0,(anonymous_3)
FNDA:0,(anonymous_4)
FNDA:0,(anonymous_5)
DA:1,0
DA:2,0
DA:10,0
DA:11,0
DA:17,0
DA:19,0
DA:20,0
DA:28,0
DA:29,0
DA:36,0
DA:37,0
DA:41,0
LF:12
LH:0
BRDA:21,0,0,0
BRDA:21,0,1,0
BRDA:22,1,0,0
BRDA:22,1,1,0
BRDA:30,2,0,0
BRDA:30,2,1,0
BRDA:31,3,0,0
BRDA:31,3,1,0
BRF:8
BRH:0
end_of_record
TN:
SF:src/screens/CleanHomeScreen.tsx
FN:25,CleanHomeScreen
FN:40,(anonymous_11)
FN:43,(anonymous_12)
FN:44,(anonymous_13)
FN:45,(anonymous_14)
FN:58,(anonymous_15)
FN:60,(anonymous_16)
FN:72,(anonymous_17)
FN:82,(anonymous_18)
FN:127,(anonymous_19)
FN:139,(anonymous_20)
FN:150,(anonymous_21)
FN:151,(anonymous_22)
FNF:13
FNH:0
FNDA:0,CleanHomeScreen
FNDA:0,(anonymous_11)
FNDA:0,(anonymous_12)
FNDA:0,(anonymous_13)
FNDA:0,(anonymous_14)
FNDA:0,(anonymous_15)
FNDA:0,(anonymous_16)
FNDA:0,(anonymous_17)
FNDA:0,(anonymous_18)
FNDA:0,(anonymous_19)
FNDA:0,(anonymous_20)
FNDA:0,(anonymous_21)
FNDA:0,(anonymous_22)
DA:1,0
DA:2,0
DA:12,0
DA:13,0
DA:14,0
DA:15,0
DA:16,0
DA:17,0
DA:18,0
DA:19,0
DA:20,0
DA:21,0
DA:22,0
DA:23,0
DA:25,0
DA:26,0
DA:37,0
DA:38,0
DA:40,0
DA:43,0
DA:44,0
DA:45,0
DA:46,0
DA:48,0
DA:49,0
DA:52,0
DA:54,0
DA:58,0
DA:60,0
DA:61,0
DA:62,0
DA:63,0
DA:65,0
DA:68,0
DA:72,0
DA:73,0
DA:74,0
DA:75,0
DA:77,0
DA:78,0
DA:82,0
DA:84,0
DA:85,0
DA:90,0
DA:93,0
DA:94,0
DA:96,0
DA:100,0
DA:128,0
DA:140,0
DA:150,0
DA:151,0
DA:193,0
LF:53
LH:0
BRDA:46,0,0,0
BRDA:46,0,1,0
BRDA:48,1,0,0
BRDA:48,1,1,0
BRDA:62,2,0,0
BRDA:62,2,1,0
BRDA:84,3,0,0
BRDA:84,3,1,0
BRDA:103,4,0,0
BRDA:103,4,1,0
BRDA:115,5,0,0
BRDA:115,5,1,0
BRDA:124,6,0,0
BRDA:124,6,1,0
BRDA:131,7,0,0
BRDA:131,7,1,0
BRDA:157,8,0,0
BRDA:157,8,1,0
BRDA:172,9,0,0
BRDA:172,9,1,0
BRF:20
BRH:0
end_of_record
TN:
SF:src/screens/FeedScreen.tsx
FN:7,FeedScreen
FNF:1
FNH:0
FNDA:0,FeedScreen
DA:2,0
DA:3,0
DA:4,0
DA:5,0
DA:7,0
DA:8,0
DA:46,0
LF:7
LH:0
BRF:0
BRH:0
end_of_record
TN:
SF:src/screens/LoginScreen.tsx
FN:24,LoginScreen
FN:33,(anonymous_2)
FN:52,(anonymous_3)
FN:66,(anonymous_4)
FN:70,(anonymous_5)
FN:97,(anonymous_6)
FN:107,(anonymous_7)
FNF:7
FNH:0
FNDA:0,LoginScreen
FNDA:0,(anonymous_2)
FNDA:0,(anonymous_3)
FNDA:0,(anonymous_4)
FNDA:0,(anonymous_5)
FNDA:0,(anonymous_6)
FNDA:0,(anonymous_7)
DA:1,0
DA:2,0
DA:12,0
DA:13,0
DA:14,0
DA:15,0
DA:16,0
DA:17,0
DA:24,0
DA:25,0
DA:26,0
DA:30,0
DA:31,0
DA:33,0
DA:34,0
DA:36,0
DA:37,0
DA:38,0
DA:39,0
DA:42,0
DA:43,0
DA:44,0
DA:45,0
DA:48,0
DA:49,0
DA:52,0
DA:53,0
DA:55,0
DA:56,0
DA:57,0
DA:60,0
DA:62,0
DA:66,0
DA:67,0
DA:70,0
DA:71,0
DA:74,0
DA:97,0
DA:107,0
DA:137,0
LF:40
LH:0
BRDA:36,0,0,0
BRDA:36,0,1,0
BRDA:38,1,0,0
BRDA:38,1,1,0
BRDA:42,2,0,0
BRDA:42,2,1,0
BRDA:44,3,0,0
BRDA:44,3,1,0
BRDA:53,4,0,0
BRDA:53,4,1,0
BRDA:77,5,0,0
BRDA:77,5,1,0
BRF:12
BRH:0
end_of_record
TN:
SF:src/screens/ProfileScreen.tsx
FN:8,ProfileScreen
FN:11,(anonymous_1)
FN:20,(anonymous_2)
FNF:3
FNH:0
FNDA:0,ProfileScreen
FNDA:0,(anonymous_1)
FNDA:0,(anonymous_2)
DA:2,0
DA:3,0
DA:4,0
DA:5,0
DA:6,0
DA:8,0
DA:9,0
DA:11,0
DA:12,0
DA:21,0
DA:22,0
DA:24,0
DA:32,0
DA:121,0
LF:14
LH:0
BRDA:40,0,0,0
BRDA:40,0,1,0
BRDA:40,1,0,0
BRDA:40,1,1,0
BRDA:43,2,0,0
BRDA:43,2,1,0
BRDA:62,3,0,0
BRDA:62,3,1,0
BRF:8
BRH:0
end_of_record
TN:
SF:src/screens/SocialScreen.tsx
FN:23,SocialScreen
FN:49,(anonymous_2)
FN:58,(anonymous_3)
FN:67,(anonymous_4)
FN:72,(anonymous_5)
FN:84,(anonymous_6)
FN:106,(anonymous_7)
FN:114,(anonymous_8)
FN:122,(anonymous_9)
FN:131,(anonymous_10)
FN:144,(anonymous_11)
FN:147,(anonymous_12)
FN:178,(anonymous_13)
FN:184,(anonymous_14)
FN:243,(anonymous_15)
FN:256,(anonymous_16)
FN:263,(anonymous_17)
FNF:17
FNH:0
FNDA:0,SocialScreen
FNDA:0,(anonymous_2)
FNDA:0,(anonymous_3)
FNDA:0,(anonymous_4)
FNDA:0,(anonymous_5)
FNDA:0,(anonymous_6)
FNDA:0,(anonymous_7)
FNDA:0,(anonymous_8)
FNDA:0,(anonymous_9)
FNDA:0,(anonymous_10)
FNDA:0,(anonymous_11)
FNDA:0,(anonymous_12)
FNDA:0,(anonymous_13)
FNDA:0,(anonymous_14)
FNDA:0,(anonymous_15)
FNDA:0,(anonymous_16)
FNDA:0,(anonymous_17)
DA:1,0
DA:2,0
DA:11,0
DA:12,0
DA:13,0
DA:14,0
DA:16,0
DA:17,0
DA:18,0
DA:19,0
DA:23,0
DA:24,0
DA:40,0
DA:43,0
DA:44,0
DA:45,0
DA:46,0
DA:49,0
DA:50,0
DA:51,0
DA:53,0
DA:58,0
DA:59,0
DA:60,0
DA:62,0
DA:67,0
DA:68,0
DA:69,0
DA:72,0
DA:73,0
DA:75,0
DA:76,0
DA:77,0
DA:79,0
DA:84,0
DA:85,0
DA:87,0
DA:88,0
DA:89,0
DA:93,0
DA:95,0
DA:96,0
DA:98,0
DA:101,0
DA:106,0
DA:107,0
DA:108,0
DA:110,0
DA:114,0
DA:115,0
DA:116,0
DA:118,0
DA:122,0
DA:123,0
DA:132,0
DA:133,0
DA:135,0
DA:144,0
DA:145,0
DA:147,0
DA:164,0
DA:168,0
DA:170,0
DA:178,0
DA:184,0
DA:243,0
DA:256,0
DA:263,0
DA:271,0
LF:69
LH:0
BRDA:50,0,0,0
BRDA:50,0,1,0
BRDA:59,1,0,0
BRDA:59,1,1,0
BRDA:68,2,0,0
BRDA:68,2,1,0
BRDA:73,3,0,0
BRDA:73,3,1,0
BRDA:79,4,0,0
BRDA:79,4,1,0
BRDA:85,5,0,0
BRDA:85,5,1,0
BRDA:85,6,0,0
BRDA:85,6,1,0
BRDA:91,7,0,0
BRDA:91,7,1,0
BRDA:95,8,0,0
BRDA:95,8,1,0
BRDA:98,9,0,0
BRDA:98,9,1,0
BRDA:146,10,0,0
BRDA:146,10,1,0
BRDA:152,11,0,0
BRDA:152,11,1,0
BRDA:156,12,0,0
BRDA:156,12,1,0
BRDA:164,13,0,0
BRDA:164,13,1,0
BRDA:166,14,0,0
BRDA:166,14,1,0
BRDA:168,15,0,0
BRDA:168,15,1,0
BRDA:204,16,0,0
BRDA:204,16,1,0
BRDA:206,17,0,0
BRDA:206,17,1,0
BRDA:214,18,0,0
BRDA:214,18,1,0
BRDA:225,19,0,0
BRDA:225,19,1,0
BRDA:225,19,2,0
BRDA:228,20,0,0
BRDA:228,20,1,0
BRDA:233,21,0,0
BRDA:233,21,1,0
BRDA:236,22,0,0
BRDA:236,22,1,0
BRDA:240,23,0,0
BRDA:240,23,1,0
BRF:49
BRH:0
end_of_record
TN:
SF:src/services/firebase.ts
FN:10,(anonymous_0)
FN:45,(anonymous_1)
FNF:2
FNH:0
FNDA:0,(anonymous_0)
FNDA:0,(anonymous_1)
DA:2,0
DA:3,0
DA:4,0
DA:5,0
DA:9,0
DA:10,0
DA:11,0
DA:13,0
DA:15,0
DA:19,0
DA:30,0
DA:33,0
DA:36,0
DA:39,0
DA:42,0
DA:45,0
DA:46,0
LF:17
LH:0
BRDA:11,0,0,0
BRDA:11,0,1,0
BRDA:11,1,0,0
BRDA:11,1,1,0
BRF:4
BRH:0
end_of_record
TN:
SF:src/services/friendService.ts
FN:46,(anonymous_0)
FN:115,(anonymous_1)
FN:184,(anonymous_2)
FN:196,(anonymous_3)
FN:215,(anonymous_4)
FN:219,(anonymous_5)
FN:231,(anonymous_6)
FN:241,(anonymous_7)
FN:254,(anonymous_8)
FN:267,(anonymous_9)
FN:284,(anonymous_10)
FN:339,(anonymous_11)
FN:343,(anonymous_12)
FN:360,(anonymous_13)
FN:382,(anonymous_14)
FN:404,(anonymous_15)
FN:414,(anonymous_16)
FN:450,(anonymous_17)
FN:463,(anonymous_18)
FN:470,(anonymous_19)
FN:480,(anonymous_20)
FN:488,(anonymous_21)
FN:499,(anonymous_22)
FN:512,(anonymous_23)
FN:521,(anonymous_24)
FN:529,(anonymous_25)
FN:572,(anonymous_26)
FN:577,(anonymous_27)
FN:578,(anonymous_28)
FN:589,(anonymous_29)
FN:595,(anonymous_30)
FN:607,(anonymous_31)
FN:630,(anonymous_32)
FN:632,(anonymous_33)
FNF:34
FNH:0
FNDA:0,(anonymous_0)
FNDA:0,(anonymous_1)
FNDA:0,(anonymous_2)
FNDA:0,(anonymous_3)
FNDA:0,(anonymous_4)
FNDA:0,(anonymous_5)
FNDA:0,(anonymous_6)
FNDA:0,(anonymous_7)
FNDA:0,(anonymous_8)
FNDA:0,(anonymous_9)
FNDA:0,(anonymous_10)
FNDA:0,(anonymous_11)
FNDA:0,(anonymous_12)
FNDA:0,(anonymous_13)
FNDA:0,(anonymous_14)
FNDA:0,(anonymous_15)
FNDA:0,(anonymous_16)
FNDA:0,(anonymous_17)
FNDA:0,(anonymous_18)
FNDA:0,(anonymous_19)
FNDA:0,(anonymous_20)
FNDA:0,(anonymous_21)
FNDA:0,(anonymous_22)
FNDA:0,(anonymous_23)
FNDA:0,(anonymous_24)
FNDA:0,(anonymous_25)
FNDA:0,(anonymous_26)
FNDA:0,(anonymous_27)
FNDA:0,(anonymous_28)
FNDA:0,(anonymous_29)
FNDA:0,(anonymous_30)
FNDA:0,(anonymous_31)
FNDA:0,(anonymous_32)
FNDA:0,(anonymous_33)
DA:2,0
DA:19,0
DA:38,0
DA:39,0
DA:40,0
DA:41,0
DA:42,0
DA:43,0
DA:47,0
DA:49,0
DA:53,0
DA:55,0
DA:56,0
DA:59,0
DA:60,0
DA:61,0
DA:64,0
DA:69,0
DA:71,0
DA:72,0
DA:75,0
DA:81,0
DA:83,0
DA:84,0
DA:88,0
DA:89,0
DA:92,0
DA:103,0
DA:108,0
DA:110,0
DA:111,0
DA:116,0
DA:117,0
DA:120,0
DA:121,0
DA:122,0
DA:125,0
DA:128,0
DA:129,0
DA:131,0
DA:132,0
DA:135,0
DA:145,0
DA:156,0
DA:157,0
DA:159,0
DA:165,0
DA:172,0
DA:177,0
DA:179,0
DA:180,0
DA:185,0
DA:186,0
DA:191,0
DA:192,0
DA:197,0
DA:198,0
DA:201,0
DA:206,0
DA:208,0
DA:213,0
DA:215,0
DA:216,0
DA:219,0
DA:220,0
DA:223,0
DA:225,0
DA:226,0
DA:232,0
DA:234,0
DA:240,0
DA:241,0
DA:247,0
DA:253,0
DA:254,0
DA:260,0
DA:266,0
DA:267,0
DA:272,0
DA:278,0
DA:279,0
DA:293,0
DA:295,0
DA:296,0
DA:297,0
DA:298,0
DA:299,0
DA:300,0
DA:303,0
DA:307,0
DA:308,0
DA:311,0
DA:312,0
DA:315,0
DA:327,0
DA:332,0
DA:334,0
DA:335,0
DA:340,0
DA:342,0
DA:343,0
DA:344,0
DA:346,0
DA:347,0
DA:351,0
DA:359,0
DA:360,0
DA:365,0
DA:366,0
DA:367,0
DA:370,0
DA:376,0
DA:377,0
DA:383,0
DA:384,0
DA:394,0
DA:399,0
DA:400,0
DA:405,0
DA:406,0
DA:408,0
DA:409,0
DA:415,0
DA:416,0
DA:418,0
DA:420,0
DA:431,0
DA:437,0
DA:440,0
DA:445,0
DA:446,0
DA:451,0
DA:452,0
DA:457,0
DA:458,0
DA:464,0
DA:470,0
DA:471,0
DA:472,0
DA:473,0
DA:475,0
DA:482,0
DA:488,0
DA:489,0
DA:490,0
DA:491,0
DA:493,0
DA:504,0
DA:510,0
DA:513,0
DA:514,0
DA:515,0
DA:517,0
DA:518,0
DA:522,0
DA:523,0
DA:530,0
DA:531,0
DA:534,0
DA:535,0
DA:536,0
DA:538,0
DA:539,0
DA:542,0
DA:543,0
DA:544,0
DA:547,0
DA:548,0
DA:549,0
DA:551,0
DA:555,0
DA:556,0
DA:558,0
DA:561,0
DA:566,0
DA:567,0
DA:573,0
DA:575,0
DA:577,0
DA:578,0
DA:579,0
DA:580,0
DA:585,0
DA:590,0
DA:591,0
DA:596,0
DA:597,0
DA:604,0
DA:605,0
DA:607,0
DA:608,0
DA:609,0
DA:621,0
DA:622,0
DA:629,0
DA:630,0
DA:631,0
DA:632,0
DA:633,0
DA:634,0
DA:647,0
DA:649,0
DA:650,0
DA:655,0
DA:656,0
LF:205
LH:0
BRDA:55,0,0,0
BRDA:55,0,1,0
BRDA:71,1,0,0
BRDA:71,1,1,0
BRDA:83,2,0,0
BRDA:83,2,1,0
BRDA:100,3,0,0
BRDA:100,3,1,0
BRDA:121,4,0,0
BRDA:121,4,1,0
BRDA:290,5,0,0
BRDA:298,6,0,0
BRDA:298,6,1,0
BRDA:300,7,0,0
BRDA:300,7,1,0
BRDA:300,7,2,0
BRDA:307,8,0,0
BRDA:307,8,1,0
BRDA:307,9,0,0
BRDA:307,9,1,0
BRDA:311,10,0,0
BRDA:311,10,1,0
BRDA:311,11,0,0
BRDA:311,11,1,0
BRDA:339,12,0,0
BRDA:346,13,0,0
BRDA:346,13,1,0
BRDA:366,14,0,0
BRDA:366,14,1,0
BRDA:373,15,0,0
BRDA:373,15,1,0
BRDA:418,16,0,0
BRDA:418,16,1,0
BRDA:518,17,0,0
BRDA:518,17,1,0
BRDA:523,18,0,0
BRDA:523,18,1,0
BRDA:530,19,0,0
BRDA:530,19,1,0
BRDA:530,20,0,0
BRDA:530,20,1,0
BRDA:530,20,2,0
BRDA:538,21,0,0
BRDA:538,21,1,0
BRDA:543,22,0,0
BRDA:543,22,1,0
BRDA:544,23,0,0
BRDA:544,23,1,0
BRDA:548,24,0,0
BRDA:548,24,1,0
BRDA:555,25,0,0
BRDA:555,25,1,0
BRDA:575,26,0,0
BRDA:575,26,1,0
BRDA:579,27,0,0
BRDA:579,27,1,0
BRDA:590,28,0,0
BRDA:590,28,1,0
BRDA:590,29,0,0
BRDA:590,29,1,0
BRDA:590,29,2,0
BRDA:591,30,0,0
BRDA:591,30,1,0
BRDA:611,31,0,0
BRDA:611,31,1,0
BRDA:611,31,2,0
BRDA:611,31,3,0
BRDA:612,32,0,0
BRDA:612,32,1,0
BRDA:613,33,0,0
BRDA:613,33,1,0
BRDA:613,33,2,0
BRDA:621,34,0,0
BRDA:621,34,1,0
BRDA:633,35,0,0
BRDA:633,35,1,0
BRDA:636,36,0,0
BRDA:636,36,1,0
BRDA:636,36,2,0
BRDA:636,36,3,0
BRDA:637,37,0,0
BRDA:637,37,1,0
BRDA:638,38,0,0
BRDA:638,38,1,0
BRDA:638,38,2,0
BRF:85
BRH:0
end_of_record
TN:
SF:src/services/habitService.ts
FN:30,(anonymous_0)
FN:31,(anonymous_1)
FN:63,(anonymous_2)
FN:74,(anonymous_3)
FN:84,(anonymous_4)
FN:94,(anonymous_5)
FN:101,(anonymous_6)
FN:103,(anonymous_7)
FN:113,(anonymous_8)
FN:120,(anonymous_9)
FN:134,(anonymous_10)
FN:148,(anonymous_11)
FN:164,(anonymous_12)
FN:182,(anonymous_13)
FN:193,(anonymous_14)
FN:200,(anonymous_15)
FN:264,(anonymous_16)
FN:289,(anonymous_17)
FN:327,(anonymous_18)
FN:346,(anonymous_19)
FN:385,(anonymous_20)
FN:398,(anonymous_21)
FN:412,(anonymous_22)
FN:425,(anonymous_23)
FNF:24
FNH:0
FNDA:0,(anonymous_0)
FNDA:0,(anonymous_1)
FNDA:0,(anonymous_2)
FNDA:0,(anonymous_3)
FNDA:0,(anonymous_4)
FNDA:0,(anonymous_5)
FNDA:0,(anonymous_6)
FNDA:0,(anonymous_7)
FNDA:0,(anonymous_8)
FNDA:0,(anonymous_9)
FNDA:0,(anonymous_10)
FNDA:0,(anonymous_11)
FNDA:0,(anonymous_12)
FNDA:0,(anonymous_13)
FNDA:0,(anonymous_14)
FNDA:0,(anonymous_15)
FNDA:0,(anonymous_16)
FNDA:0,(anonymous_17)
FNDA:0,(anonymous_18)
FNDA:0,(anonymous_19)
FNDA:0,(anonymous_20)
FNDA:0,(anonymous_21)
FNDA:0,(anonymous_22)
FNDA:0,(anonymous_23)
DA:2,0
DA:18,0
DA:19,0
DA:23,0
DA:24,0
DA:25,0
DA:28,0
DA:31,0
DA:32,0
DA:43,0
DA:44,0
DA:46,0
DA:47,0
DA:49,0
DA:50,0
DA:53,0
DA:56,0
DA:58,0
DA:64,0
DA:65,0
DA:71,0
DA:72,0
DA:74,0
DA:75,0
DA:84,0
DA:86,0
DA:88,0
DA:89,0
DA:95,0
DA:101,0
DA:102,0
DA:103,0
DA:104,0
DA:113,0
DA:115,0
DA:121,0
DA:122,0
DA:123,0
DA:128,0
DA:129,0
DA:135,0
DA:136,0
DA:139,0
DA:140,0
DA:143,0
DA:147,0
DA:148,0
DA:149,0
DA:153,0
DA:154,0
DA:156,0
DA:158,0
DA:159,0
DA:165,0
DA:166,0
DA:173,0
DA:174,0
DA:176,0
DA:177,0
DA:183,0
DA:185,0
DA:190,0
DA:191,0
DA:193,0
DA:194,0
DA:195,0
DA:196,0
DA:200,0
DA:203,0
DA:204,0
DA:205,0
DA:207,0
DA:209,0
DA:210,0
DA:211,0
DA:213,0
DA:217,0
DA:218,0
DA:219,0
DA:220,0
DA:221,0
DA:223,0
DA:230,0
DA:231,0
DA:232,0
DA:234,0
DA:235,0
DA:236,0
DA:237,0
DA:238,0
DA:240,0
DA:241,0
DA:242,0
DA:247,0
DA:248,0
DA:256,0
DA:258,0
DA:259,0
DA:265,0
DA:266,0
DA:269,0
DA:270,0
DA:273,0
DA:274,0
DA:275,0
DA:278,0
DA:280,0
DA:281,0
DA:287,0
DA:290,0
DA:291,0
DA:292,0
DA:295,0
DA:296,0
DA:297,0
DA:301,0
DA:308,0
DA:309,0
DA:312,0
DA:313,0
DA:316,0
DA:319,0
DA:321,0
DA:322,0
DA:328,0
DA:329,0
DA:330,0
DA:331,0
DA:332,0
DA:335,0
DA:338,0
DA:340,0
DA:341,0
DA:347,0
DA:348,0
DA:349,0
DA:350,0
DA:351,0
DA:354,0
DA:361,0
DA:364,0
DA:365,0
DA:366,0
DA:368,0
DA:369,0
DA:377,0
DA:379,0
DA:380,0
DA:386,0
DA:388,0
DA:394,0
DA:395,0
DA:398,0
DA:399,0
DA:400,0
DA:402,0
DA:403,0
DA:412,0
DA:414,0
DA:416,0
DA:417,0
DA:423,0
DA:426,0
DA:427,0
DA:429,0
DA:430,0
DA:433,0
DA:434,0
DA:441,0
DA:442,0
LF:170
LH:0
BRDA:43,0,0,0
BRDA:43,0,1,0
BRDA:43,1,0,0
BRDA:43,1,1,0
BRDA:46,2,0,0
BRDA:46,2,1,0
BRDA:49,3,0,0
BRDA:49,3,1,0
BRDA:207,4,0,0
BRDA:207,4,1,0
BRDA:213,5,0,0
BRDA:213,5,1,0
BRDA:213,6,0,0
BRDA:213,6,1,0
BRDA:219,7,0,0
BRDA:219,7,1,0
BRDA:232,8,0,0
BRDA:232,8,1,0
BRDA:235,9,0,0
BRDA:235,9,1,0
BRDA:235,10,0,0
BRDA:235,10,1,0
BRDA:252,11,0,0
BRDA:252,11,1,0
BRDA:296,12,0,0
BRDA:296,12,1,0
BRDA:308,13,0,0
BRDA:308,13,1,0
BRDA:308,14,0,0
BRDA:308,14,1,0
BRDA:312,15,0,0
BRDA:312,15,1,0
BRDA:312,16,0,0
BRDA:312,16,1,0
BRDA:330,17,0,0
BRDA:330,17,1,0
BRDA:368,18,0,0
BRDA:368,18,1,0
BRDA:368,19,0,0
BRDA:368,19,1,0
BRDA:402,20,0,0
BRDA:402,20,1,0
BRDA:402,21,0,0
BRDA:402,21,1,0
BRDA:429,22,0,0
BRDA:429,22,1,0
BRF:46
BRH:0
end_of_record
TN:
SF:src/services/retryService.ts
FN:15,withRetry
FN:53,isRetryableError
FN:65,delay
FN:66,(anonymous_3)
FNF:4
FNH:0
FNDA:0,withRetry
FNDA:0,isRetryableError
FNDA:0,delay
FNDA:0,(anonymous_3)
DA:9,0
DA:15,0
DA:19,0
DA:25,0
DA:27,0
DA:28,0
DA:29,0
DA:31,0
DA:34,0
DA:35,0
DA:39,0
DA:40,0
DA:41,0
DA:42,0
DA:45,0
DA:50,0
DA:55,0
DA:59,0
DA:62,0
DA:66,0
DA:70,0
LF:21
LH:0
BRDA:17,0,0,0
BRDA:34,1,0,0
BRDA:34,1,1,0
BRDA:39,2,0,0
BRDA:39,2,1,0
BRDA:55,3,0,0
BRDA:55,3,1,0
BRDA:55,4,0,0
BRDA:55,4,1,0
BRDA:55,4,2,0
BRDA:55,4,3,0
BRF:11
BRH:0
end_of_record
TN:
SF:src/utils/categoryIcons.ts
FN:161,(anonymous_0)
FN:276,(anonymous_1)
FN:385,(anonymous_2)
FNF:3
FNH:0
FNDA:0,(anonymous_0)
FNDA:0,(anonymous_1)
FNDA:0,(anonymous_2)
DA:2,0
DA:4,0
DA:80,0
DA:161,0
DA:163,0
DA:164,0
DA:167,0
DA:168,0
DA:171,0
DA:249,0
DA:250,0
DA:251,0
DA:256,0
DA:257,0
DA:261,0
DA:262,0
DA:263,0
DA:268,0
DA:276,0
DA:277,0
DA:280,0
DA:281,0
DA:285,0
DA:370,0
DA:371,0
DA:372,0
DA:377,0
DA:385,0
DA:386,0
DA:387,0
LF:30
LH:0
BRDA:163,0,0,0
BRDA:163,0,1,0
BRDA:167,1,0,0
BRDA:167,1,1,0
BRDA:168,2,0,0
BRDA:168,2,1,0
BRDA:250,3,0,0
BRDA:250,3,1,0
BRDA:256,4,0,0
BRDA:256,4,1,0
BRDA:262,5,0,0
BRDA:262,5,1,0
BRDA:277,6,0,0
BRDA:277,6,1,0
BRDA:280,7,0,0
BRDA:280,7,1,0
BRDA:371,8,0,0
BRDA:371,8,1,0
BRDA:386,9,0,0
BRDA:386,9,1,0
BRF:20
BRH:0
end_of_record
TN:
SF:src/utils/inputValidation.ts
FN:42,sanitizeInput
FN:73,validateHabitInput
FN:97,(anonymous_2)
FN:145,validateEmail
FN:177,validatePassword
FN:250,validateDisplayName
FN:282,validateFileUpload
FN:324,sanitizeFileName
FN:337,validateSearchQuery
FN:383,validateApiParameters
FN:429,(anonymous_10)
FN:447,(anonymous_11)
FN:455,(anonymous_12)
FNF:13
FNH:0
FNDA:0,sanitizeInput
FNDA:0,validateHabitInput
FNDA:0,(anonymous_2)
FNDA:0,validateEmail
FNDA:0,validatePassword
FNDA:0,validateDisplayName
FNDA:0,validateFileUpload
FNDA:0,sanitizeFileName
FNDA:0,validateSearchQuery
FNDA:0,validateApiParameters
FNDA:0,(anonymous_10)
FNDA:0,(anonymous_11)
FNDA:0,(anonymous_12)
DA:11,0
DA:20,0
DA:42,0
DA:43,0
DA:44,0
DA:47,0
DA:73,0
DA:74,0
DA:75,0
DA:78,0
DA:79,0
DA:81,0
DA:82,0
DA:83,0
DA:84,0
DA:85,0
DA:89,0
DA:97,0
DA:98,0
DA:99,0
DA:102,0
DA:106,0
DA:107,0
DA:111,0
DA:112,0
DA:116,0
DA:117,0
DA:121,0
DA:122,0
DA:123,0
DA:127,0
DA:128,0
DA:129,0
DA:130,0
DA:132,0
DA:135,0
DA:145,0
DA:146,0
DA:147,0
DA:151,0
DA:152,0
DA:156,0
DA:157,0
DA:161,0
DA:162,0
DA:163,0
DA:167,0
DA:168,0
DA:171,0
DA:177,0
DA:178,0
DA:180,0
DA:181,0
DA:182,0
DA:186,0
DA:187,0
DA:190,0
DA:191,0
DA:195,0
DA:196,0
DA:199,0
DA:200,0
DA:203,0
DA:204,0
DA:207,0
DA:208,0
DA:212,0
DA:217,0
DA:218,0
DA:222,0
DA:223,0
DA:224,0
DA:225,0
DA:226,0
DA:227,0
DA:228,0
DA:230,0
DA:233,0
DA:234,0
DA:235,0
DA:236,0
DA:240,0
DA:250,0
DA:251,0
DA:253,0
DA:254,0
DA:255,0
DA:258,0
DA:260,0
DA:261,0
DA:264,0
DA:265,0
DA:268,0
DA:269,0
DA:272,0
DA:282,0
DA:287,0
DA:290,0
DA:291,0
DA:292,0
DA:296,0
DA:297,0
DA:298,0
DA:299,0
DA:303,0
DA:304,0
DA:305,0
DA:309,0
DA:310,0
DA:311,0
DA:314,0
DA:324,0
DA:325,0
DA:337,0
DA:338,0
DA:340,0
DA:341,0
DA:342,0
DA:345,0
DA:347,0
DA:348,0
DA:351,0
DA:352,0
DA:356,0
DA:366,0
DA:367,0
DA:368,0
DA:369,0
DA:373,0
DA:383,0
DA:384,0
DA:385,0
DA:387,0
DA:389,0
DA:390,0
DA:391,0
DA:395,0
DA:396,0
DA:397,0
DA:398,0
DA:400,0
DA:401,0
DA:402,0
DA:403,0
DA:405,0
DA:407,0
DA:408,0
DA:409,0
DA:410,0
DA:412,0
DA:416,0
DA:426,0
DA:427,0
DA:430,0
DA:431,0
DA:433,0
DA:435,0
DA:436,0
DA:439,0
DA:440,0
DA:443,0
DA:444,0
DA:448,0
DA:449,0
DA:450,0
DA:452,0
DA:456,0
DA:461,0
DA:462,0
LF:169
LH:0
BRDA:43,0,0,0
BRDA:43,0,1,0
BRDA:43,1,0,0
BRDA:43,1,1,0
BRDA:78,2,0,0
BRDA:78,2,1,0
BRDA:78,3,0,0
BRDA:78,3,1,0
BRDA:82,4,0,0
BRDA:82,4,1,0
BRDA:84,5,0,0
BRDA:84,5,1,0
BRDA:98,6,0,0
BRDA:98,6,1,0
BRDA:98,7,0,0
BRDA:98,7,1,0
BRDA:106,8,0,0
BRDA:106,8,1,0
BRDA:106,9,0,0
BRDA:106,9,1,0
BRDA:111,10,0,0
BRDA:111,10,1,0
BRDA:111,11,0,0
BRDA:111,11,1,0
BRDA:116,12,0,0
BRDA:116,12,1,0
BRDA:121,13,0,0
BRDA:121,13,1,0
BRDA:121,14,0,0
BRDA:121,14,1,0
BRDA:122,15,0,0
BRDA:122,15,1,0
BRDA:122,16,0,0
BRDA:122,16,1,0
BRDA:127,17,0,0
BRDA:127,17,1,0
BRDA:129,18,0,0
BRDA:129,18,1,0
BRDA:138,19,0,0
BRDA:138,19,1,0
BRDA:146,20,0,0
BRDA:146,20,1,0
BRDA:146,21,0,0
BRDA:146,21,1,0
BRDA:151,22,0,0
BRDA:151,22,1,0
BRDA:151,23,0,0
BRDA:151,23,1,0
BRDA:151,23,2,0
BRDA:156,24,0,0
BRDA:156,24,1,0
BRDA:156,25,0,0
BRDA:156,25,1,0
BRDA:156,25,2,0
BRDA:156,25,3,0
BRDA:162,26,0,0
BRDA:162,26,1,0
BRDA:167,27,0,0
BRDA:167,27,1,0
BRDA:180,28,0,0
BRDA:180,28,1,0
BRDA:180,29,0,0
BRDA:180,29,1,0
BRDA:186,30,0,0
BRDA:186,30,1,0
BRDA:190,31,0,0
BRDA:190,31,1,0
BRDA:195,32,0,0
BRDA:195,32,1,0
BRDA:199,33,0,0
BRDA:199,33,1,0
BRDA:203,34,0,0
BRDA:203,34,1,0
BRDA:207,35,0,0
BRDA:207,35,1,0
BRDA:217,36,0,0
BRDA:217,36,1,0
BRDA:223,37,0,0
BRDA:223,37,1,0
BRDA:233,38,0,0
BRDA:233,38,1,0
BRDA:235,39,0,0
BRDA:235,39,1,0
BRDA:243,40,0,0
BRDA:243,40,1,0
BRDA:253,41,0,0
BRDA:253,41,1,0
BRDA:253,42,0,0
BRDA:253,42,1,0
BRDA:260,43,0,0
BRDA:260,43,1,0
BRDA:264,44,0,0
BRDA:264,44,1,0
BRDA:268,45,0,0
BRDA:268,45,1,0
BRDA:291,46,0,0
BRDA:291,46,1,0
BRDA:298,47,0,0
BRDA:298,47,1,0
BRDA:304,48,0,0
BRDA:304,48,1,0
BRDA:310,49,0,0
BRDA:310,49,1,0
BRDA:340,50,0,0
BRDA:340,50,1,0
BRDA:340,51,0,0
BRDA:340,51,1,0
BRDA:347,52,0,0
BRDA:347,52,1,0
BRDA:351,53,0,0
BRDA:351,53,1,0
BRDA:367,54,0,0
BRDA:367,54,1,0
BRDA:389,55,0,0
BRDA:389,55,1,0
BRDA:395,56,0,0
BRDA:395,56,1,0
BRDA:397,57,0,0
BRDA:397,57,1,0
BRDA:401,58,0,0
BRDA:401,58,1,0
BRDA:402,59,0,0
BRDA:402,59,1,0
BRDA:407,60,0,0
BRDA:407,60,1,0
BRDA:409,61,0,0
BRDA:409,61,1,0
BRDA:409,62,0,0
BRDA:409,62,1,0
BRDA:419,63,0,0
BRDA:419,63,1,0
BRDA:433,64,0,0
BRDA:433,64,1,0
BRDA:433,65,0,0
BRDA:433,65,1,0
BRDA:439,66,0,0
BRDA:439,66,1,0
BRDA:449,67,0,0
BRDA:449,67,1,0
BRDA:449,68,0,0
BRDA:449,68,1,0
BRF:141
BRH:0
end_of_record
TN:
SF:src/utils/socialTestSetup.ts
FN:8,(anonymous_0)
FN:26,(anonymous_1)
FN:59,(anonymous_2)
FN:93,(anonymous_3)
FNF:4
FNH:0
FNDA:0,(anonymous_0)
FNDA:0,(anonymous_1)
FNDA:0,(anonymous_2)
FNDA:0,(anonymous_3)
DA:2,0
DA:3,0
DA:5,0
DA:9,0
DA:11,0
DA:12,0
DA:19,0
DA:20,0
DA:22,0
DA:27,0
DA:29,0
DA:35,0
DA:37,0
DA:38,0
DA:51,0
DA:52,0
DA:55,0
DA:60,0
DA:62,0
DA:86,0
DA:87,0
DA:88,0
DA:94,0
DA:96,0
DA:97,0
DA:98,0
DA:99,0
DA:101,0
DA:102,0
DA:103,0
DA:106,0
LF:31
LH:0
BRF:0
BRH:0
end_of_record
TN:
SF:src/utils/testFirebase.ts
FN:5,(anonymous_0)
FNF:1
FNH:0
FNDA:0,(anonymous_0)
DA:2,0
DA:3,0
DA:5,0
DA:6,0
DA:7,0
DA:10,0
DA:16,0
DA:17,0
DA:18,0
DA:20,0
DA:21,0
LF:11
LH:0
BRF:0
BRH:0
end_of_record
